Log file open, 10/15/21 22:02:55
LogWindows: Failed to load 'aqProf.dll' (GetLastError=126)
LogWindows: File 'aqProf.dll' does not exist
LogWindows: Failed to load 'VtuneApi.dll' (GetLastError=126)
LogWindows: File 'VtuneApi.dll' does not exist
LogWindows: Failed to load 'VtuneApi32e.dll' (GetLastError=126)
LogWindows: File 'VtuneApi32e.dll' does not exist
LogConsoleResponse: Display: Failed to find resolution value strings in scalability ini. Falling back to default.
LogConsoleResponse: Display: Failed to find resolution value strings in scalability ini. Falling back to default.
LogInit: Display: Running engine for game: LevelDesignProject
LogPlatformFile: Not using cached read wrapper
LogTaskGraph: Started task graph with 5 named threads and 47 total threads with 3 sets of task threads.
LogStats: Stats thread started at 0.191326
LogICUInternationalization: ICU TimeZone Detection - Raw Offset: -6:00, Platform Override: ''
LogInit: Display: Loading text-based GConfig....
LogPluginManager: Mounting plugin MeshPainting
LogPluginManager: Mounting plugin XGEController
LogPluginManager: Mounting plugin Paper2D
LogPluginManager: Mounting plugin EnvironmentQueryEditor
LogPluginManager: Mounting plugin AISupport
LogPluginManager: Mounting plugin LiveLink
LogPluginManager: Mounting plugin LightPropagationVolume
LogPluginManager: Mounting plugin OodleData
LogPluginManager: Mounting plugin GameplayCameras
LogPluginManager: Mounting plugin OodleNetwork
LogPluginManager: Mounting plugin CameraShakePreviewer
LogPluginManager: Mounting plugin DatasmithContent
LogPluginManager: Mounting plugin VariantManagerContent
LogPluginManager: Mounting plugin AssetManagerEditor
LogPluginManager: Mounting plugin FacialAnimation
LogPluginManager: Mounting plugin DataValidation
LogPluginManager: Mounting plugin CurveEditorTools
LogPluginManager: Mounting plugin GameplayTagsEditor
LogPluginManager: Mounting plugin MaterialAnalyzer
LogPluginManager: Mounting plugin AnimationSharing
LogPluginManager: Mounting plugin MacGraphicsSwitching
LogPluginManager: Mounting plugin MobileLauncherProfileWizard
LogPluginManager: Mounting plugin CLionSourceCodeAccess
LogPluginManager: Mounting plugin PluginBrowser
LogPluginManager: Mounting plugin Niagara
LogPluginManager: Mounting plugin SpeedTreeImporter
LogPluginManager: Mounting plugin AlembicImporter
LogPluginManager: Mounting plugin CryptoKeys
LogPluginManager: Mounting plugin GeometryMode
LogPluginManager: Mounting plugin ChaosCloth
LogPluginManager: Mounting plugin AutomationUtils
LogPluginManager: Mounting plugin ChaosNiagara
LogPluginManager: Mounting plugin ChaosEditor
LogPluginManager: Mounting plugin BackChannel
LogPluginManager: Mounting plugin ChaosClothEditor
LogPluginManager: Mounting plugin ChaosSolverPlugin
LogPluginManager: Mounting plugin CharacterAI
LogPluginManager: Mounting plugin GeometryCache
LogPluginManager: Mounting plugin GeometryCollectionPlugin
LogPluginManager: Mounting plugin GeometryProcessing
LogPluginManager: Mounting plugin MotoSynth
LogPluginManager: Mounting plugin ProxyLODPlugin
LogPluginManager: Mounting plugin PlatformCrypto
LogPluginManager: Mounting plugin PythonScriptPlugin
LogPluginManager: Mounting plugin SkeletalReduction
LogPluginManager: Mounting plugin PlanarCut
LogPluginManager: Mounting plugin OpenImageDenoise
LogPluginManager: Mounting plugin LuminPlatformFeatures
LogPluginManager: Mounting plugin MagicLeap
LogPluginManager: Mounting plugin AndroidMedia
LogPluginManager: Mounting plugin TcpMessaging
LogPluginManager: Mounting plugin MagicLeapLightEstimation
LogPluginManager: Mounting plugin MagicLeapMedia
LogPluginManager: Mounting plugin MLSDK
LogPluginManager: Mounting plugin MagicLeapPassableWorld
LogPluginManager: Mounting plugin AvfMedia
LogPluginManager: Mounting plugin ImgMedia
LogPluginManager: Mounting plugin ActorSequence
LogPluginManager: Mounting plugin MediaCompositing
LogPluginManager: Mounting plugin LevelSequenceEditor
LogPluginManager: Mounting plugin MatineeToLevelSequence
LogPluginManager: Mounting plugin UdpMessaging
LogPluginManager: Mounting plugin MediaPlayerEditor
LogPluginManager: Mounting plugin TemplateSequence
LogPluginManager: Mounting plugin WebMMedia
LogPluginManager: Mounting plugin WmfMedia
LogPluginManager: Mounting plugin OnlineSubsystem
LogPluginManager: Mounting plugin OnlineSubsystemNull
LogPluginManager: Mounting plugin OnlineSubsystemUtils
LogPluginManager: Mounting plugin ActorLayerUtilities
LogPluginManager: Mounting plugin AndroidDeviceProfileSelector
LogPluginManager: Mounting plugin AndroidPermission
LogPluginManager: Mounting plugin AndroidMoviePlayer
LogPluginManager: Mounting plugin AppleImageUtils
LogPluginManager: Mounting plugin LauncherChunkInstaller
LogPluginManager: Mounting plugin AppleMoviePlayer
LogPluginManager: Mounting plugin AssetTags
LogPluginManager: Mounting plugin ArchVisCharacter
LogPluginManager: Mounting plugin AudioCapture
LogPluginManager: Mounting plugin AudioSynesthesia
LogPluginManager: Mounting plugin CableComponent
LogPluginManager: Mounting plugin ChunkDownloader
LogPluginManager: Mounting plugin CustomMeshComponent
LogPluginManager: Mounting plugin ExampleDeviceProfileSelector
LogPluginManager: Mounting plugin EditableMesh
LogPluginManager: Mounting plugin GoogleCloudMessaging
LogPluginManager: Mounting plugin GooglePAD
LogPluginManager: Mounting plugin LinuxDeviceProfileSelector
LogPluginManager: Mounting plugin IOSDeviceProfileSelector
LogPluginManager: Mounting plugin LocationServicesBPLibrary
LogPluginManager: Mounting plugin MobilePatchingUtils
LogPluginManager: Mounting plugin OpenXR
LogPluginManager: Mounting plugin OpenXRHandTracking
LogPluginManager: Mounting plugin OpenXREyeTracker
LogPluginManager: Mounting plugin PhysXVehicles
LogPluginManager: Mounting plugin PostSplashScreen
LogPluginManager: Mounting plugin ProceduralMeshComponent
LogPluginManager: Mounting plugin PropertyAccessEditor
LogPluginManager: Mounting plugin RuntimePhysXCooking
LogPluginManager: Mounting plugin SignificanceManager
LogPluginManager: Mounting plugin SoundFields
LogPluginManager: Mounting plugin ScreenshotTools
LogPluginManager: Mounting plugin WebMMoviePlayer
LogPluginManager: Mounting plugin WindowsMoviePlayer
LogPluginManager: Mounting plugin Synthesis
LogPluginManager: Mounting plugin CodeLiteSourceCodeAccess
LogPluginManager: Mounting plugin Takes
LogPluginManager: Mounting plugin KDevelopSourceCodeAccess
LogPluginManager: Mounting plugin NullSourceCodeAccess
LogPluginManager: Mounting plugin GitSourceControl
LogPluginManager: Mounting plugin PerforceSourceControl
LogPluginManager: Mounting plugin PixWinPlugin
LogPluginManager: Mounting plugin PlasticSourceControl
LogPluginManager: Mounting plugin PropertyAccessNode
LogPluginManager: Mounting plugin PluginUtils
LogPluginManager: Mounting plugin SubversionSourceControl
LogPluginManager: Mounting plugin RiderSourceCodeAccess
LogPluginManager: Mounting plugin TextureFormatOodle
LogPluginManager: Mounting plugin UObjectPlugin
LogPluginManager: Mounting plugin VisualStudioCodeSourceCodeAccess
LogPluginManager: Mounting plugin XCodeSourceCodeAccess
LogPluginManager: Mounting plugin VisualStudioSourceCodeAccess
LogPluginManager: Mounting plugin ContentBrowserAssetDataSource
LogPluginManager: Mounting plugin ContentBrowserClassDataSource
LogPluginManager: Mounting plugin ContentBrowserFileDataSource
LogPluginManager: Mounting plugin OnlineSubsystemGooglePlay
LogPluginManager: Mounting plugin OnlineSubsystemIOS
LogPluginManager: Mounting plugin OculusVR
LogPluginManager: Mounting plugin SteamVR
LogInit: Using libcurl 7.55.1-DEV
LogInit:  - built for x86_64-pc-win32
LogInit:  - supports SSL with OpenSSL/1.1.1
LogInit:  - supports HTTP deflate (compression) using libz 1.2.8
LogInit:  - other features:
LogInit:      CURL_VERSION_SSL
LogInit:      CURL_VERSION_LIBZ
LogInit:      CURL_VERSION_IPV6
LogInit:      CURL_VERSION_ASYNCHDNS
LogInit:      CURL_VERSION_LARGEFILE
LogInit:      CURL_VERSION_IDN
LogInit:  CurlRequestOptions (configurable via config and command line):
LogInit:  - bVerifyPeer = true  - Libcurl will verify peer certificate
LogInit:  - bUseHttpProxy = false  - Libcurl will NOT use HTTP proxy
LogInit:  - bDontReuseConnections = false  - Libcurl will reuse connections
LogInit:  - MaxHostConnections = 16  - Libcurl will limit the number of connections to a host
LogInit:  - LocalHostAddr = Default
LogInit:  - BufferSize = 65536
LogOnline: OSS: Creating online subsystem instance for: NULL
LogInit: WinSock: version 1.1 (2.2), MaxSocks=32767, MaxUdp=65467
LogOnline: OSS: TryLoadSubsystemAndSetDefault: Loaded subsystem for module [NULL]
PixWinPlugin: PIX capture plugin failed to initialize! Check that the process is launched from PIX.
LogOculusPluginWrapper: OculusPlugin initialized successfully
LogHMD: Failed initializing OVRPlugin 1.59.0
LogInit: Build: ++UE4+Release-4.27-CL-17735300
LogInit: Engine Version: 4.27.1-17735300+++UE4+Release-4.27
LogInit: Compatible Engine Version: 4.27.0-17155196+++UE4+Release-4.27
LogInit: Net CL: 17155196
LogInit: OS: Windows 10 (Release 2009) (), CPU: 11th Gen Intel(R) Core(TM) i7-11700K @ 3.60GHz, GPU: NVIDIA GeForce RTX 3070 Ti
LogInit: Compiled (64-bit): Oct  6 2021 14:42:51
LogInit: Compiled with Visual C++: 19.24.28315.00
LogInit: Build Configuration: Development
LogInit: Branch Name: ++UE4+Release-4.27
LogInit: Command Line: 
LogInit: Base Directory: D:/Epic Games/UE_4.27/Engine/Binaries/Win64/
LogInit: Allocator: TBB
LogInit: Installed Engine Build: 1
LogDevObjectVersion: Number of dev versions registered: 29
LogDevObjectVersion:   Dev-Blueprints (B0D832E4-1F89-4F0D-ACCF-7EB736FD4AA2): 10
LogDevObjectVersion:   Dev-Build (E1C64328-A22C-4D53-A36C-8E866417BD8C): 0
LogDevObjectVersion:   Dev-Core (375EC13C-06E4-48FB-B500-84F0262A717E): 4
LogDevObjectVersion:   Dev-Editor (E4B068ED-F494-42E9-A231-DA0B2E46BB41): 40
LogDevObjectVersion:   Dev-Framework (CFFC743F-43B0-4480-9391-14DF171D2073): 37
LogDevObjectVersion:   Dev-Mobile (B02B49B5-BB20-44E9-A304-32B752E40360): 3
LogDevObjectVersion:   Dev-Networking (A4E4105C-59A1-49B5-A7C5-40C4547EDFEE): 0
LogDevObjectVersion:   Dev-Online (39C831C9-5AE6-47DC-9A44-9C173E1C8E7C): 0
LogDevObjectVersion:   Dev-Physics (78F01B33-EBEA-4F98-B9B4-84EACCB95AA2): 14
LogDevObjectVersion:   Dev-Platform (6631380F-2D4D-43E0-8009-CF276956A95A): 0
LogDevObjectVersion:   Dev-Rendering (12F88B9F-8875-4AFC-A67C-D90C383ABD29): 45
LogDevObjectVersion:   Dev-Sequencer (7B5AE74C-D270-4C10-A958-57980B212A5A): 13
LogDevObjectVersion:   Dev-VR (D7296918-1DD6-4BDD-9DE2-64A83CC13884): 3
LogDevObjectVersion:   Dev-LoadTimes (C2A15278-BFE7-4AFE-6C17-90FF531DF755): 1
LogDevObjectVersion:   Private-Geometry (6EACA3D4-40EC-4CC1-B786-8BED09428FC5): 3
LogDevObjectVersion:   Dev-AnimPhys (29E575DD-E0A3-4627-9D10-D276232CDCEA): 17
LogDevObjectVersion:   Dev-Anim (AF43A65D-7FD3-4947-9873-3E8ED9C1BB05): 15
LogDevObjectVersion:   Dev-ReflectionCapture (6B266CEC-1EC7-4B8F-A30B-E4D90942FC07): 1
LogDevObjectVersion:   Dev-Automation (0DF73D61-A23F-47EA-B727-89E90C41499A): 1
LogDevObjectVersion:   FortniteMain (601D1886-AC64-4F84-AA16-D3DE0DEAC7D6): 47
LogDevObjectVersion:   FortniteRelease (E7086368-6B23-4C58-8439-1B7016265E91): 1
LogDevObjectVersion:   Dev-Enterprise (9DFFBCD6-494F-0158-E221-12823C92A888): 10
LogDevObjectVersion:   Dev-Niagara (F2AED0AC-9AFE-416F-8664-AA7FFA26D6FC): 1
LogDevObjectVersion:   Dev-Destruction (174F1F0B-B4C6-45A5-B13F-2EE8D0FB917D): 10
LogDevObjectVersion:   Dev-Physics-Ext (35F94A83-E258-406C-A318-09F59610247C): 41
LogDevObjectVersion:   Dev-PhysicsMaterial-Chaos (B68FC16E-8B1B-42E2-B453-215C058844FE): 1
LogDevObjectVersion:   Dev-CineCamera (B2E18506-4273-CFC2-A54E-F4BB758BBA07): 1
LogDevObjectVersion:   Dev-VirtualProduction (64F58936-FD1B-42BA-BA96-7289D5D0FA4E): 1
LogDevObjectVersion:   Dev-MediaFramework (6F0ED827-A609-4895-9C91-998D90180EA4): 2
LogInit: Presizing for max 25165824 objects, including 0 objects not considered by GC, pre-allocating 0 bytes for permanent pool.
LogConfig: Applying CVar settings from Section [/Script/Engine.StreamingSettings] File [D:/Epic Games/LevelDesignProject/Saved/Config/Windows/Engine.ini]
LogConfig: Setting CVar [[s.MinBulkDataSizeForAsyncLoading:131072]]
LogConfig: Setting CVar [[s.AsyncLoadingThreadEnabled:0]]
LogConfig: Setting CVar [[s.EventDrivenLoaderEnabled:1]]
LogConfig: Setting CVar [[s.WarnIfTimeLimitExceeded:0]]
LogConfig: Setting CVar [[s.TimeLimitExceededMultiplier:1.5]]
LogConfig: Setting CVar [[s.TimeLimitExceededMinTime:0.005]]
LogConfig: Setting CVar [[s.UseBackgroundLevelStreaming:1]]
LogConfig: Setting CVar [[s.PriorityAsyncLoadingExtraTime:15.0]]
LogConfig: Setting CVar [[s.LevelStreamingActorsUpdateTimeLimit:5.0]]
LogConfig: Setting CVar [[s.PriorityLevelStreamingActorsUpdateExtraTime:5.0]]
LogConfig: Setting CVar [[s.LevelStreamingComponentsRegistrationGranularity:10]]
LogConfig: Setting CVar [[s.UnregisterComponentsTimeLimit:1.0]]
LogConfig: Setting CVar [[s.LevelStreamingComponentsUnregistrationGranularity:5]]
LogConfig: Setting CVar [[s.FlushStreamingOnExit:1]]
LogInit: Object subsystem initialized
LogConfig: Setting CVar [[con.DebugEarlyDefault:1]]
LogConfig: Setting CVar [[r.setres:1280x720]]
[2021.10.16-03.02.55:993][  0]LogConfig: Setting CVar [[r.VSync:0]]
[2021.10.16-03.02.55:993][  0]LogConfig: Setting CVar [[r.RHICmdBypass:0]]
[2021.10.16-03.02.55:993][  0]LogConfig: Applying CVar settings from Section [/Script/Engine.RendererSettings] File [D:/Epic Games/LevelDesignProject/Saved/Config/Windows/Engine.ini]
[2021.10.16-03.02.55:993][  0]LogConfig: Setting CVar [[r.GPUCrashDebugging:0]]
[2021.10.16-03.02.55:993][  0]LogConfig: Applying CVar settings from Section [/Script/Engine.RendererOverrideSettings] File [D:/Epic Games/LevelDesignProject/Saved/Config/Windows/Engine.ini]
[2021.10.16-03.02.55:993][  0]LogConfig: Applying CVar settings from Section [/Script/Engine.StreamingSettings] File [D:/Epic Games/LevelDesignProject/Saved/Config/Windows/Engine.ini]
[2021.10.16-03.02.55:993][  0]LogConfig: Setting CVar [[s.MinBulkDataSizeForAsyncLoading:131072]]
[2021.10.16-03.02.55:993][  0]LogConfig: Setting CVar [[s.AsyncLoadingThreadEnabled:0]]
[2021.10.16-03.02.55:993][  0]LogConfig: Setting CVar [[s.EventDrivenLoaderEnabled:1]]
[2021.10.16-03.02.55:993][  0]LogConfig: Setting CVar [[s.WarnIfTimeLimitExceeded:0]]
[2021.10.16-03.02.55:993][  0]LogConfig: Setting CVar [[s.TimeLimitExceededMultiplier:1.5]]
[2021.10.16-03.02.55:993][  0]LogConfig: Setting CVar [[s.TimeLimitExceededMinTime:0.005]]
[2021.10.16-03.02.55:993][  0]LogConfig: Setting CVar [[s.UseBackgroundLevelStreaming:1]]
[2021.10.16-03.02.55:993][  0]LogConfig: Setting CVar [[s.PriorityAsyncLoadingExtraTime:15.0]]
[2021.10.16-03.02.55:993][  0]LogConfig: Setting CVar [[s.LevelStreamingActorsUpdateTimeLimit:5.0]]
[2021.10.16-03.02.55:993][  0]LogConfig: Setting CVar [[s.PriorityLevelStreamingActorsUpdateExtraTime:5.0]]
[2021.10.16-03.02.55:993][  0]LogConfig: Setting CVar [[s.LevelStreamingComponentsRegistrationGranularity:10]]
[2021.10.16-03.02.55:993][  0]LogConfig: Setting CVar [[s.UnregisterComponentsTimeLimit:1.0]]
[2021.10.16-03.02.55:993][  0]LogConfig: Setting CVar [[s.LevelStreamingComponentsUnregistrationGranularity:5]]
[2021.10.16-03.02.55:993][  0]LogConfig: Setting CVar [[s.FlushStreamingOnExit:1]]
[2021.10.16-03.02.55:993][  0]LogConfig: Applying CVar settings from Section [/Script/Engine.GarbageCollectionSettings] File [D:/Epic Games/LevelDesignProject/Saved/Config/Windows/Engine.ini]
[2021.10.16-03.02.55:993][  0]LogConfig: Setting CVar [[gc.MaxObjectsNotConsideredByGC:1]]
[2021.10.16-03.02.55:993][  0]LogConfig: Setting CVar [[gc.SizeOfPermanentObjectPool:0]]
[2021.10.16-03.02.55:993][  0]LogConfig: Setting CVar [[gc.FlushStreamingOnGC:0]]
[2021.10.16-03.02.55:993][  0]LogConfig: Setting CVar [[gc.NumRetriesBeforeForcingGC:10]]
[2021.10.16-03.02.55:993][  0]LogConfig: Setting CVar [[gc.AllowParallelGC:1]]
[2021.10.16-03.02.55:993][  0]LogConfig: Setting CVar [[gc.TimeBetweenPurgingPendingKillObjects:61.1]]
[2021.10.16-03.02.55:993][  0]LogConfig: Setting CVar [[gc.MaxObjectsInEditor:25165824]]
[2021.10.16-03.02.55:993][  0]LogConfig: Setting CVar [[gc.IncrementalBeginDestroyEnabled:1]]
[2021.10.16-03.02.55:993][  0]LogConfig: Setting CVar [[gc.CreateGCClusters:1]]
[2021.10.16-03.02.55:993][  0]LogConfig: Setting CVar [[gc.MinGCClusterSize:5]]
[2021.10.16-03.02.55:993][  0]LogConfig: Setting CVar [[gc.ActorClusteringEnabled:0]]
[2021.10.16-03.02.55:993][  0]LogConfig: Setting CVar [[gc.BlueprintClusteringEnabled:0]]
[2021.10.16-03.02.55:993][  0]LogConfig: Setting CVar [[gc.UseDisregardForGCOnDedicatedServers:0]]
[2021.10.16-03.02.55:993][  0]LogConfig: Setting CVar [[gc.MultithreadedDestructionEnabled:1]]
[2021.10.16-03.02.55:993][  0]LogConfig: Applying CVar settings from Section [/Script/Engine.NetworkSettings] File [D:/Epic Games/LevelDesignProject/Saved/Config/Windows/Engine.ini]
[2021.10.16-03.02.55:993][  0]LogConfig: Applying CVar settings from Section [/Script/UnrealEd.CookerSettings] File [D:/Epic Games/LevelDesignProject/Saved/Config/Windows/Engine.ini]
[2021.10.16-03.02.55:997][  0]LogConfig: Applying CVar settings from Section [ViewDistanceQuality@3] File [D:/Epic Games/LevelDesignProject/Saved/Config/Windows/Scalability.ini]
[2021.10.16-03.02.55:997][  0]LogConfig: Setting CVar [[r.SkeletalMeshLODBias:0]]
[2021.10.16-03.02.55:997][  0]LogConfig: Setting CVar [[r.ViewDistanceScale:1.0]]
[2021.10.16-03.02.55:997][  0]LogConfig: Applying CVar settings from Section [AntiAliasingQuality@3] File [D:/Epic Games/LevelDesignProject/Saved/Config/Windows/Scalability.ini]
[2021.10.16-03.02.55:997][  0]LogConfig: Setting CVar [[r.PostProcessAAQuality:4]]
[2021.10.16-03.02.55:997][  0]LogConfig: Applying CVar settings from Section [ShadowQuality@3] File [D:/Epic Games/LevelDesignProject/Saved/Config/Windows/Scalability.ini]
[2021.10.16-03.02.55:997][  0]LogConfig: Setting CVar [[r.LightFunctionQuality:1]]
[2021.10.16-03.02.55:997][  0]LogConfig: Setting CVar [[r.ShadowQuality:5]]
[2021.10.16-03.02.55:997][  0]LogConfig: Setting CVar [[r.Shadow.CSM.MaxCascades:10]]
[2021.10.16-03.02.55:997][  0]LogConfig: Setting CVar [[r.Shadow.MaxResolution:2048]]
[2021.10.16-03.02.55:997][  0]LogConfig: Setting CVar [[r.Shadow.MaxCSMResolution:2048]]
[2021.10.16-03.02.55:997][  0]LogConfig: Setting CVar [[r.Shadow.RadiusThreshold:0.01]]
[2021.10.16-03.02.55:997][  0]LogConfig: Setting CVar [[r.Shadow.DistanceScale:1.0]]
[2021.10.16-03.02.55:997][  0]LogConfig: Setting CVar [[r.Shadow.CSM.TransitionScale:1.0]]
[2021.10.16-03.02.55:997][  0]LogConfig: Setting CVar [[r.Shadow.PreShadowResolutionFactor:1.0]]
[2021.10.16-03.02.55:997][  0]LogConfig: Setting CVar [[r.DistanceFieldShadowing:1]]
[2021.10.16-03.02.55:997][  0]LogConfig: Setting CVar [[r.DistanceFieldAO:1]]
[2021.10.16-03.02.55:997][  0]LogConfig: Setting CVar [[r.AOQuality:2]]
[2021.10.16-03.02.55:997][  0]LogConfig: Setting CVar [[r.VolumetricFog:1]]
[2021.10.16-03.02.55:997][  0]LogConfig: Setting CVar [[r.VolumetricFog.GridPixelSize:8]]
[2021.10.16-03.02.55:997][  0]LogConfig: Setting CVar [[r.VolumetricFog.GridSizeZ:128]]
[2021.10.16-03.02.55:997][  0]LogConfig: Setting CVar [[r.VolumetricFog.HistoryMissSupersampleCount:4]]
[2021.10.16-03.02.55:997][  0]LogConfig: Setting CVar [[r.LightMaxDrawDistanceScale:1]]
[2021.10.16-03.02.55:997][  0]LogConfig: Setting CVar [[r.CapsuleShadows:1]]
[2021.10.16-03.02.55:997][  0]LogConfig: Applying CVar settings from Section [PostProcessQuality@3] File [D:/Epic Games/LevelDesignProject/Saved/Config/Windows/Scalability.ini]
[2021.10.16-03.02.55:997][  0]LogConfig: Setting CVar [[r.MotionBlurQuality:4]]
[2021.10.16-03.02.55:997][  0]LogConfig: Setting CVar [[r.AmbientOcclusionMipLevelFactor:0.4]]
[2021.10.16-03.02.55:997][  0]LogConfig: Setting CVar [[r.AmbientOcclusionMaxQuality:100]]
[2021.10.16-03.02.55:997][  0]LogConfig: Setting CVar [[r.AmbientOcclusionLevels:-1]]
[2021.10.16-03.02.55:997][  0]LogConfig: Setting CVar [[r.AmbientOcclusionRadiusScale:1.0]]
[2021.10.16-03.02.55:997][  0]LogConfig: Setting CVar [[r.DepthOfFieldQuality:2]]
[2021.10.16-03.02.55:997][  0]LogConfig: Setting CVar [[r.RenderTargetPoolMin:400]]
[2021.10.16-03.02.55:997][  0]LogConfig: Setting CVar [[r.LensFlareQuality:2]]
[2021.10.16-03.02.55:997][  0]LogConfig: Setting CVar [[r.SceneColorFringeQuality:1]]
[2021.10.16-03.02.55:997][  0]LogConfig: Setting CVar [[r.EyeAdaptationQuality:2]]
[2021.10.16-03.02.55:997][  0]LogConfig: Setting CVar [[r.BloomQuality:5]]
[2021.10.16-03.02.55:997][  0]LogConfig: Setting CVar [[r.FastBlurThreshold:100]]
[2021.10.16-03.02.55:997][  0]LogConfig: Setting CVar [[r.Upscale.Quality:3]]
[2021.10.16-03.02.55:997][  0]LogConfig: Setting CVar [[r.Tonemapper.GrainQuantization:1]]
[2021.10.16-03.02.55:997][  0]LogConfig: Setting CVar [[r.LightShaftQuality:1]]
[2021.10.16-03.02.55:997][  0]LogConfig: Setting CVar [[r.Filter.SizeScale:1]]
[2021.10.16-03.02.55:997][  0]LogConfig: Setting CVar [[r.Tonemapper.Quality:5]]
[2021.10.16-03.02.55:997][  0]LogConfig: Setting CVar [[r.DOF.Gather.AccumulatorQuality:1        ; higher gathering accumulator quality]]
[2021.10.16-03.02.55:997][  0]LogConfig: Setting CVar [[r.DOF.Gather.PostfilterMethod:1          ; Median3x3 postfilering method]]
[2021.10.16-03.02.55:997][  0]LogConfig: Setting CVar [[r.DOF.Gather.EnableBokehSettings:0       ; no bokeh simulation when gathering]]
[2021.10.16-03.02.55:997][  0]LogConfig: Setting CVar [[r.DOF.Gather.RingCount:4                 ; medium number of samples when gathering]]
[2021.10.16-03.02.55:997][  0]LogConfig: Setting CVar [[r.DOF.Scatter.ForegroundCompositing:1    ; additive foreground scattering]]
[2021.10.16-03.02.55:997][  0]LogConfig: Setting CVar [[r.DOF.Scatter.BackgroundCompositing:2    ; additive background scattering]]
[2021.10.16-03.02.55:997][  0]LogConfig: Setting CVar [[r.DOF.Scatter.EnableBokehSettings:1      ; bokeh simulation when scattering]]
[2021.10.16-03.02.55:997][  0]LogConfig: Setting CVar [[r.DOF.Scatter.MaxSpriteRatio:0.1         ; only a maximum of 10% of scattered bokeh]]
[2021.10.16-03.02.55:997][  0]LogConfig: Setting CVar [[r.DOF.Recombine.Quality:1                ; cheap slight out of focus]]
[2021.10.16-03.02.55:997][  0]LogConfig: Setting CVar [[r.DOF.Recombine.EnableBokehSettings:0    ; no bokeh simulation on slight out of focus]]
[2021.10.16-03.02.55:997][  0]LogConfig: Setting CVar [[r.DOF.TemporalAAQuality:1                ; more stable temporal accumulation]]
[2021.10.16-03.02.55:997][  0]LogConfig: Setting CVar [[r.DOF.Kernel.MaxForegroundRadius:0.025]]
[2021.10.16-03.02.55:997][  0]LogConfig: Setting CVar [[r.DOF.Kernel.MaxBackgroundRadius:0.025]]
[2021.10.16-03.02.55:997][  0]LogConfig: Applying CVar settings from Section [TextureQuality@3] File [D:/Epic Games/LevelDesignProject/Saved/Config/Windows/Scalability.ini]
[2021.10.16-03.02.55:997][  0]LogConfig: Setting CVar [[r.Streaming.MipBias:0]]
[2021.10.16-03.02.55:997][  0]LogConfig: Setting CVar [[r.Streaming.AmortizeCPUToGPUCopy:0]]
[2021.10.16-03.02.55:998][  0]LogConfig: Setting CVar [[r.Streaming.MaxNumTexturesToStreamPerFrame:0]]
[2021.10.16-03.02.55:998][  0]LogConfig: Setting CVar [[r.Streaming.Boost:1]]
[2021.10.16-03.02.55:998][  0]LogConfig: Setting CVar [[r.MaxAnisotropy:8]]
[2021.10.16-03.02.55:998][  0]LogConfig: Setting CVar [[r.VT.MaxAnisotropy:8]]
[2021.10.16-03.02.55:998][  0]LogConfig: Setting CVar [[r.Streaming.LimitPoolSizeToVRAM:0]]
[2021.10.16-03.02.55:998][  0]LogConfig: Setting CVar [[r.Streaming.PoolSize:1000]]
[2021.10.16-03.02.55:998][  0]LogConfig: Setting CVar [[r.Streaming.MaxEffectiveScreenSize:0]]
[2021.10.16-03.02.55:998][  0]LogConfig: Applying CVar settings from Section [EffectsQuality@3] File [D:/Epic Games/LevelDesignProject/Saved/Config/Windows/Scalability.ini]
[2021.10.16-03.02.55:998][  0]LogConfig: Setting CVar [[r.TranslucencyLightingVolumeDim:64]]
[2021.10.16-03.02.55:998][  0]LogConfig: Setting CVar [[r.RefractionQuality:2]]
[2021.10.16-03.02.55:998][  0]LogConfig: Setting CVar [[r.SSR.Quality:3]]
[2021.10.16-03.02.55:998][  0]LogConfig: Setting CVar [[r.SSR.HalfResSceneColor:0]]
[2021.10.16-03.02.55:998][  0]LogConfig: Setting CVar [[r.SceneColorFormat:4]]
[2021.10.16-03.02.55:998][  0]LogConfig: Setting CVar [[r.DetailMode:2]]
[2021.10.16-03.02.55:998][  0]LogConfig: Setting CVar [[r.TranslucencyVolumeBlur:1]]
[2021.10.16-03.02.55:998][  0]LogConfig: Setting CVar [[r.MaterialQualityLevel:1 ; High quality]]
[2021.10.16-03.02.55:998][  0]LogConfig: Setting CVar [[r.AnisotropicMaterials:1]]
[2021.10.16-03.02.55:998][  0]LogConfig: Setting CVar [[r.SSS.Scale:1]]
[2021.10.16-03.02.55:998][  0]LogConfig: Setting CVar [[r.SSS.SampleSet:2]]
[2021.10.16-03.02.55:998][  0]LogConfig: Setting CVar [[r.SSS.Quality:1]]
[2021.10.16-03.02.55:998][  0]LogConfig: Setting CVar [[r.SSS.HalfRes:0]]
[2021.10.16-03.02.55:998][  0]LogConfig: Setting CVar [[r.SSGI.Quality:3]]
[2021.10.16-03.02.55:998][  0]LogConfig: Setting CVar [[r.EmitterSpawnRateScale:1.0]]
[2021.10.16-03.02.55:998][  0]LogConfig: Setting CVar [[r.ParticleLightQuality:2]]
[2021.10.16-03.02.55:998][  0]LogConfig: Setting CVar [[r.SkyAtmosphere.AerialPerspectiveLUT.FastApplyOnOpaque:1 ; Always have FastSkyLUT 1 in this case to avoid wrong sky]]
[2021.10.16-03.02.55:998][  0]LogConfig: Setting CVar [[r.SkyAtmosphere.AerialPerspectiveLUT.SampleCountMaxPerSlice:4]]
[2021.10.16-03.02.55:998][  0]LogConfig: Setting CVar [[r.SkyAtmosphere.AerialPerspectiveLUT.DepthResolution:16.0]]
[2021.10.16-03.02.55:998][  0]LogConfig: Setting CVar [[r.SkyAtmosphere.FastSkyLUT:1]]
[2021.10.16-03.02.55:998][  0]LogConfig: Setting CVar [[r.SkyAtmosphere.FastSkyLUT.SampleCountMin:4.0]]
[2021.10.16-03.02.55:998][  0]LogConfig: Setting CVar [[r.SkyAtmosphere.FastSkyLUT.SampleCountMax:128.0]]
[2021.10.16-03.02.55:998][  0]LogConfig: Setting CVar [[r.SkyAtmosphere.SampleCountMin:4.0]]
[2021.10.16-03.02.55:998][  0]LogConfig: Setting CVar [[r.SkyAtmosphere.SampleCountMax:128.0]]
[2021.10.16-03.02.55:998][  0]LogConfig: Setting CVar [[r.SkyAtmosphere.TransmittanceLUT.UseSmallFormat:0]]
[2021.10.16-03.02.55:998][  0]LogConfig: Setting CVar [[r.SkyAtmosphere.TransmittanceLUT.SampleCount:10.0]]
[2021.10.16-03.02.55:998][  0]LogConfig: Setting CVar [[r.SkyAtmosphere.MultiScatteringLUT.SampleCount:15.0]]
[2021.10.16-03.02.55:998][  0]LogConfig: Setting CVar [[r.SkyLight.RealTimeReflectionCapture:1]]
[2021.10.16-03.02.55:998][  0]LogConfig: Applying CVar settings from Section [FoliageQuality@3] File [D:/Epic Games/LevelDesignProject/Saved/Config/Windows/Scalability.ini]
[2021.10.16-03.02.55:998][  0]LogConfig: Setting CVar [[foliage.DensityScale:1.0]]
[2021.10.16-03.02.55:998][  0]LogConfig: Setting CVar [[grass.DensityScale:1.0]]
[2021.10.16-03.02.55:998][  0]LogConfig: Applying CVar settings from Section [ShadingQuality@3] File [D:/Epic Games/LevelDesignProject/Saved/Config/Windows/Scalability.ini]
[2021.10.16-03.02.55:998][  0]LogConfig: Setting CVar [[r.HairStrands.SkyLighting.IntegrationType:2]]
[2021.10.16-03.02.55:998][  0]LogConfig: Setting CVar [[r.HairStrands.SkyAO.SampleCount:4]]
[2021.10.16-03.02.55:998][  0]LogConfig: Setting CVar [[r.HairStrands.Visibility.MSAA.SamplePerPixel:4]]
[2021.10.16-03.02.55:998][  0]LogInit: Selected Device Profile: [Windows]
[2021.10.16-03.02.55:998][  0]LogInit: Applying CVar settings loaded from the selected device profile: [Windows]
[2021.10.16-03.02.55:998][  0]LogHAL: Display: Platform has ~ 32 GB [34221318144 / 34359738368 / 32], which maps to Largest [LargestMinGB=32, LargerMinGB=12, DefaultMinGB=8, SmallerMinGB=6, SmallestMinGB=0)
[2021.10.16-03.02.55:998][  0]LogInit: Going up to parent DeviceProfile []
[2021.10.16-03.02.55:998][  0]LogConfig: Applying CVar settings from Section [ViewDistanceQuality@3] File [D:/Epic Games/LevelDesignProject/Saved/Config/Windows/Scalability.ini]
[2021.10.16-03.02.55:998][  0]LogConfig: Setting CVar [[r.SkeletalMeshLODBias:0]]
[2021.10.16-03.02.55:998][  0]LogConfig: Setting CVar [[r.ViewDistanceScale:1.0]]
[2021.10.16-03.02.55:998][  0]LogConfig: Applying CVar settings from Section [AntiAliasingQuality@3] File [D:/Epic Games/LevelDesignProject/Saved/Config/Windows/Scalability.ini]
[2021.10.16-03.02.55:998][  0]LogConfig: Setting CVar [[r.PostProcessAAQuality:4]]
[2021.10.16-03.02.55:998][  0]LogConfig: Applying CVar settings from Section [ShadowQuality@3] File [D:/Epic Games/LevelDesignProject/Saved/Config/Windows/Scalability.ini]
[2021.10.16-03.02.55:998][  0]LogConfig: Setting CVar [[r.LightFunctionQuality:1]]
[2021.10.16-03.02.55:998][  0]LogConfig: Setting CVar [[r.ShadowQuality:5]]
[2021.10.16-03.02.55:998][  0]LogConfig: Setting CVar [[r.Shadow.CSM.MaxCascades:10]]
[2021.10.16-03.02.55:998][  0]LogConfig: Setting CVar [[r.Shadow.MaxResolution:2048]]
[2021.10.16-03.02.55:998][  0]LogConfig: Setting CVar [[r.Shadow.MaxCSMResolution:2048]]
[2021.10.16-03.02.55:998][  0]LogConfig: Setting CVar [[r.Shadow.RadiusThreshold:0.01]]
[2021.10.16-03.02.55:998][  0]LogConfig: Setting CVar [[r.Shadow.DistanceScale:1.0]]
[2021.10.16-03.02.55:998][  0]LogConfig: Setting CVar [[r.Shadow.CSM.TransitionScale:1.0]]
[2021.10.16-03.02.55:998][  0]LogConfig: Setting CVar [[r.Shadow.PreShadowResolutionFactor:1.0]]
[2021.10.16-03.02.55:998][  0]LogConfig: Setting CVar [[r.DistanceFieldShadowing:1]]
[2021.10.16-03.02.55:998][  0]LogConfig: Setting CVar [[r.DistanceFieldAO:1]]
[2021.10.16-03.02.55:998][  0]LogConfig: Setting CVar [[r.AOQuality:2]]
[2021.10.16-03.02.55:998][  0]LogConfig: Setting CVar [[r.VolumetricFog:1]]
[2021.10.16-03.02.55:998][  0]LogConfig: Setting CVar [[r.VolumetricFog.GridPixelSize:8]]
[2021.10.16-03.02.55:998][  0]LogConfig: Setting CVar [[r.VolumetricFog.GridSizeZ:128]]
[2021.10.16-03.02.55:998][  0]LogConfig: Setting CVar [[r.VolumetricFog.HistoryMissSupersampleCount:4]]
[2021.10.16-03.02.55:998][  0]LogConfig: Setting CVar [[r.LightMaxDrawDistanceScale:1]]
[2021.10.16-03.02.55:998][  0]LogConfig: Setting CVar [[r.CapsuleShadows:1]]
[2021.10.16-03.02.55:998][  0]LogConfig: Applying CVar settings from Section [PostProcessQuality@3] File [D:/Epic Games/LevelDesignProject/Saved/Config/Windows/Scalability.ini]
[2021.10.16-03.02.55:998][  0]LogConfig: Setting CVar [[r.MotionBlurQuality:4]]
[2021.10.16-03.02.55:998][  0]LogConfig: Setting CVar [[r.AmbientOcclusionMipLevelFactor:0.4]]
[2021.10.16-03.02.55:998][  0]LogConfig: Setting CVar [[r.AmbientOcclusionMaxQuality:100]]
[2021.10.16-03.02.55:998][  0]LogConfig: Setting CVar [[r.AmbientOcclusionLevels:-1]]
[2021.10.16-03.02.55:998][  0]LogConfig: Setting CVar [[r.AmbientOcclusionRadiusScale:1.0]]
[2021.10.16-03.02.55:998][  0]LogConfig: Setting CVar [[r.DepthOfFieldQuality:2]]
[2021.10.16-03.02.55:998][  0]LogConfig: Setting CVar [[r.RenderTargetPoolMin:400]]
[2021.10.16-03.02.55:998][  0]LogConfig: Setting CVar [[r.LensFlareQuality:2]]
[2021.10.16-03.02.55:998][  0]LogConfig: Setting CVar [[r.SceneColorFringeQuality:1]]
[2021.10.16-03.02.55:998][  0]LogConfig: Setting CVar [[r.EyeAdaptationQuality:2]]
[2021.10.16-03.02.55:998][  0]LogConfig: Setting CVar [[r.BloomQuality:5]]
[2021.10.16-03.02.55:998][  0]LogConfig: Setting CVar [[r.FastBlurThreshold:100]]
[2021.10.16-03.02.55:998][  0]LogConfig: Setting CVar [[r.Upscale.Quality:3]]
[2021.10.16-03.02.55:998][  0]LogConfig: Setting CVar [[r.Tonemapper.GrainQuantization:1]]
[2021.10.16-03.02.55:998][  0]LogConfig: Setting CVar [[r.LightShaftQuality:1]]
[2021.10.16-03.02.55:998][  0]LogConfig: Setting CVar [[r.Filter.SizeScale:1]]
[2021.10.16-03.02.55:998][  0]LogConfig: Setting CVar [[r.Tonemapper.Quality:5]]
[2021.10.16-03.02.55:998][  0]LogConfig: Setting CVar [[r.DOF.Gather.AccumulatorQuality:1        ; higher gathering accumulator quality]]
[2021.10.16-03.02.55:998][  0]LogConfig: Setting CVar [[r.DOF.Gather.PostfilterMethod:1          ; Median3x3 postfilering method]]
[2021.10.16-03.02.55:998][  0]LogConfig: Setting CVar [[r.DOF.Gather.EnableBokehSettings:0       ; no bokeh simulation when gathering]]
[2021.10.16-03.02.55:998][  0]LogConfig: Setting CVar [[r.DOF.Gather.RingCount:4                 ; medium number of samples when gathering]]
[2021.10.16-03.02.55:998][  0]LogConfig: Setting CVar [[r.DOF.Scatter.ForegroundCompositing:1    ; additive foreground scattering]]
[2021.10.16-03.02.55:998][  0]LogConfig: Setting CVar [[r.DOF.Scatter.BackgroundCompositing:2    ; additive background scattering]]
[2021.10.16-03.02.55:998][  0]LogConfig: Setting CVar [[r.DOF.Scatter.EnableBokehSettings:1      ; bokeh simulation when scattering]]
[2021.10.16-03.02.55:998][  0]LogConfig: Setting CVar [[r.DOF.Scatter.MaxSpriteRatio:0.1         ; only a maximum of 10% of scattered bokeh]]
[2021.10.16-03.02.55:998][  0]LogConfig: Setting CVar [[r.DOF.Recombine.Quality:1                ; cheap slight out of focus]]
[2021.10.16-03.02.55:998][  0]LogConfig: Setting CVar [[r.DOF.Recombine.EnableBokehSettings:0    ; no bokeh simulation on slight out of focus]]
[2021.10.16-03.02.55:998][  0]LogConfig: Setting CVar [[r.DOF.TemporalAAQuality:1                ; more stable temporal accumulation]]
[2021.10.16-03.02.55:998][  0]LogConfig: Setting CVar [[r.DOF.Kernel.MaxForegroundRadius:0.025]]
[2021.10.16-03.02.55:998][  0]LogConfig: Setting CVar [[r.DOF.Kernel.MaxBackgroundRadius:0.025]]
[2021.10.16-03.02.55:998][  0]LogConfig: Applying CVar settings from Section [TextureQuality@3] File [D:/Epic Games/LevelDesignProject/Saved/Config/Windows/Scalability.ini]
[2021.10.16-03.02.55:998][  0]LogConfig: Setting CVar [[r.Streaming.MipBias:0]]
[2021.10.16-03.02.55:998][  0]LogConfig: Setting CVar [[r.Streaming.AmortizeCPUToGPUCopy:0]]
[2021.10.16-03.02.55:998][  0]LogConfig: Setting CVar [[r.Streaming.MaxNumTexturesToStreamPerFrame:0]]
[2021.10.16-03.02.55:998][  0]LogConfig: Setting CVar [[r.Streaming.Boost:1]]
[2021.10.16-03.02.55:998][  0]LogConfig: Setting CVar [[r.MaxAnisotropy:8]]
[2021.10.16-03.02.55:998][  0]LogConfig: Setting CVar [[r.VT.MaxAnisotropy:8]]
[2021.10.16-03.02.55:998][  0]LogConfig: Setting CVar [[r.Streaming.LimitPoolSizeToVRAM:0]]
[2021.10.16-03.02.55:998][  0]LogConfig: Setting CVar [[r.Streaming.PoolSize:1000]]
[2021.10.16-03.02.55:998][  0]LogConfig: Setting CVar [[r.Streaming.MaxEffectiveScreenSize:0]]
[2021.10.16-03.02.55:998][  0]LogConfig: Applying CVar settings from Section [EffectsQuality@3] File [D:/Epic Games/LevelDesignProject/Saved/Config/Windows/Scalability.ini]
[2021.10.16-03.02.55:998][  0]LogConfig: Setting CVar [[r.TranslucencyLightingVolumeDim:64]]
[2021.10.16-03.02.55:998][  0]LogConfig: Setting CVar [[r.RefractionQuality:2]]
[2021.10.16-03.02.55:998][  0]LogConfig: Setting CVar [[r.SSR.Quality:3]]
[2021.10.16-03.02.55:998][  0]LogConfig: Setting CVar [[r.SSR.HalfResSceneColor:0]]
[2021.10.16-03.02.55:998][  0]LogConfig: Setting CVar [[r.SceneColorFormat:4]]
[2021.10.16-03.02.55:998][  0]LogConfig: Setting CVar [[r.DetailMode:2]]
[2021.10.16-03.02.55:998][  0]LogConfig: Setting CVar [[r.TranslucencyVolumeBlur:1]]
[2021.10.16-03.02.55:998][  0]LogConfig: Setting CVar [[r.MaterialQualityLevel:1 ; High quality]]
[2021.10.16-03.02.55:998][  0]LogConfig: Setting CVar [[r.AnisotropicMaterials:1]]
[2021.10.16-03.02.55:998][  0]LogConfig: Setting CVar [[r.SSS.Scale:1]]
[2021.10.16-03.02.55:998][  0]LogConfig: Setting CVar [[r.SSS.SampleSet:2]]
[2021.10.16-03.02.55:998][  0]LogConfig: Setting CVar [[r.SSS.Quality:1]]
[2021.10.16-03.02.55:998][  0]LogConfig: Setting CVar [[r.SSS.HalfRes:0]]
[2021.10.16-03.02.55:998][  0]LogConfig: Setting CVar [[r.SSGI.Quality:3]]
[2021.10.16-03.02.55:998][  0]LogConfig: Setting CVar [[r.EmitterSpawnRateScale:1.0]]
[2021.10.16-03.02.55:998][  0]LogConfig: Setting CVar [[r.ParticleLightQuality:2]]
[2021.10.16-03.02.55:998][  0]LogConfig: Setting CVar [[r.SkyAtmosphere.AerialPerspectiveLUT.FastApplyOnOpaque:1 ; Always have FastSkyLUT 1 in this case to avoid wrong sky]]
[2021.10.16-03.02.55:998][  0]LogConfig: Setting CVar [[r.SkyAtmosphere.AerialPerspectiveLUT.SampleCountMaxPerSlice:4]]
[2021.10.16-03.02.55:998][  0]LogConfig: Setting CVar [[r.SkyAtmosphere.AerialPerspectiveLUT.DepthResolution:16.0]]
[2021.10.16-03.02.55:998][  0]LogConfig: Setting CVar [[r.SkyAtmosphere.FastSkyLUT:1]]
[2021.10.16-03.02.55:998][  0]LogConfig: Setting CVar [[r.SkyAtmosphere.FastSkyLUT.SampleCountMin:4.0]]
[2021.10.16-03.02.55:998][  0]LogConfig: Setting CVar [[r.SkyAtmosphere.FastSkyLUT.SampleCountMax:128.0]]
[2021.10.16-03.02.55:998][  0]LogConfig: Setting CVar [[r.SkyAtmosphere.SampleCountMin:4.0]]
[2021.10.16-03.02.55:998][  0]LogConfig: Setting CVar [[r.SkyAtmosphere.SampleCountMax:128.0]]
[2021.10.16-03.02.55:998][  0]LogConfig: Setting CVar [[r.SkyAtmosphere.TransmittanceLUT.UseSmallFormat:0]]
[2021.10.16-03.02.55:998][  0]LogConfig: Setting CVar [[r.SkyAtmosphere.TransmittanceLUT.SampleCount:10.0]]
[2021.10.16-03.02.55:999][  0]LogConfig: Setting CVar [[r.SkyAtmosphere.MultiScatteringLUT.SampleCount:15.0]]
[2021.10.16-03.02.55:999][  0]LogConfig: Setting CVar [[r.SkyLight.RealTimeReflectionCapture:1]]
[2021.10.16-03.02.55:999][  0]LogConfig: Applying CVar settings from Section [FoliageQuality@3] File [D:/Epic Games/LevelDesignProject/Saved/Config/Windows/Scalability.ini]
[2021.10.16-03.02.55:999][  0]LogConfig: Setting CVar [[foliage.DensityScale:1.0]]
[2021.10.16-03.02.55:999][  0]LogConfig: Setting CVar [[grass.DensityScale:1.0]]
[2021.10.16-03.02.55:999][  0]LogConfig: Applying CVar settings from Section [ShadingQuality@3] File [D:/Epic Games/LevelDesignProject/Saved/Config/Windows/Scalability.ini]
[2021.10.16-03.02.55:999][  0]LogConfig: Setting CVar [[r.HairStrands.SkyLighting.IntegrationType:2]]
[2021.10.16-03.02.55:999][  0]LogConfig: Setting CVar [[r.HairStrands.SkyAO.SampleCount:4]]
[2021.10.16-03.02.55:999][  0]LogConfig: Setting CVar [[r.HairStrands.Visibility.MSAA.SamplePerPixel:4]]
[2021.10.16-03.02.55:999][  0]LogConfig: Applying CVar settings from Section [Startup] File [../../../Engine/Config/ConsoleVariables.ini]
[2021.10.16-03.02.55:999][  0]LogConfig: Setting CVar [[net.UseAdaptiveNetUpdateFrequency:0]]
[2021.10.16-03.02.55:999][  0]LogConfig: Setting CVar [[p.chaos.AllowCreatePhysxBodies:1]]
[2021.10.16-03.02.55:999][  0]LogConfig: Setting CVar [[fx.SkipVectorVMBackendOptimizations:1]]
[2021.10.16-03.02.55:999][  0]LogConfig: Applying CVar settings from Section [ConsoleVariables] File [D:/Epic Games/LevelDesignProject/Saved/Config/Windows/Engine.ini]
[2021.10.16-03.02.55:999][  0]LogConfig: Applying CVar settings from Section [ConsoleVariables] File [D:/Epic Games/LevelDesignProject/Saved/Config/Windows/Editor.ini]
[2021.10.16-03.02.55:999][  0]LogInit: Computer: DESKTOP-Q91I5OR
[2021.10.16-03.02.55:999][  0]LogInit: User: Kahlua
[2021.10.16-03.02.55:999][  0]LogInit: CPU Page size=4096, Cores=8
[2021.10.16-03.02.55:999][  0]LogInit: High frequency timer resolution =10.000000 MHz
[2021.10.16-03.02.55:999][  0]LogMemory: Memory total: Physical=31.9GB (32GB approx)
[2021.10.16-03.02.55:999][  0]LogMemory: Platform Memory Stats for Windows
[2021.10.16-03.02.55:999][  0]LogMemory: Process Physical Memory: 150.31 MB used, 150.32 MB peak
[2021.10.16-03.02.55:999][  0]LogMemory: Process Virtual Memory: 131.10 MB used, 131.10 MB peak
[2021.10.16-03.02.55:999][  0]LogMemory: Physical Memory: 14131.22 MB used,  18504.77 MB free, 32635.99 MB total
[2021.10.16-03.02.55:999][  0]LogMemory: Virtual Memory: 134201448.00 MB used,  16281.30 MB free, 134217728.00 MB total
[2021.10.16-03.02.56:001][  0]LogWindows: WindowsPlatformFeatures enabled
[2021.10.16-03.02.56:021][  0]LogInit: Physics initialised using underlying interface: PhysX
[2021.10.16-03.02.56:022][  0]LogInit: Using OS detected language (en-US).
[2021.10.16-03.02.56:022][  0]LogInit: Using OS detected locale (en-US).
[2021.10.16-03.02.56:023][  0]LogTextLocalizationManager: No specific localization for 'en-US' exists, so the 'en' localization will be used.
[2021.10.16-03.02.56:124][  0]LogInit: Setting process to per monitor DPI aware
[2021.10.16-03.02.56:132][  0]LogWindowsTextInputMethodSystem: Display: IME system deactivated.
[2021.10.16-03.02.56:141][  0]LogSlate: New Slate User Created.  User Index 0, Is Virtual User: 0
[2021.10.16-03.02.56:141][  0]LogSlate: Slate User Registered.  User Index 0, Is Virtual User: 0
[2021.10.16-03.02.56:209][  0]LogD3D11RHI: Loaded GFSDK_Aftermath_Lib.x64.dll
[2021.10.16-03.02.56:210][  0]LogHMD: Failed to initialize OpenVR with code 110
[2021.10.16-03.02.56:210][  0]LogD3D11RHI: D3D11 min allowed feature level: 11_0
[2021.10.16-03.02.56:210][  0]LogD3D11RHI: D3D11 max allowed feature level: 11_0
[2021.10.16-03.02.56:210][  0]LogD3D11RHI: D3D11 adapters:
[2021.10.16-03.02.56:285][  0]LogD3D11RHI:    0. 'NVIDIA GeForce RTX 3070 Ti' (Feature Level 11_0)
[2021.10.16-03.02.56:285][  0]LogD3D11RHI:       8041/0/16317 MB DedicatedVideo/DedicatedSystem/SharedSystem, Outputs:1, VendorId:0x10de
[2021.10.16-03.02.56:286][  0]LogD3D11RHI:    1. 'Microsoft Basic Render Driver' (Feature Level 11_0)
[2021.10.16-03.02.56:286][  0]LogD3D11RHI:       0/0/16317 MB DedicatedVideo/DedicatedSystem/SharedSystem, Outputs:0, VendorId:0x1414
[2021.10.16-03.02.56:286][  0]LogD3D11RHI: Chosen D3D11 Adapter:
[2021.10.16-03.02.56:286][  0]LogD3D11RHI:     Description : NVIDIA GeForce RTX 3070 Ti
[2021.10.16-03.02.56:286][  0]LogD3D11RHI:     VendorId    : 10de
[2021.10.16-03.02.56:286][  0]LogD3D11RHI:     DeviceId    : 2482
[2021.10.16-03.02.56:286][  0]LogD3D11RHI:     SubSysId    : 14b210de
[2021.10.16-03.02.56:286][  0]LogD3D11RHI:     Revision    : 00a1
[2021.10.16-03.02.56:286][  0]LogD3D11RHI:     DedicatedVideoMemory : 8431599616 bytes
[2021.10.16-03.02.56:286][  0]LogD3D11RHI:     DedicatedSystemMemory : 0 bytes
[2021.10.16-03.02.56:286][  0]LogD3D11RHI:     SharedSystemMemory : 17110659072 bytes
[2021.10.16-03.02.56:286][  0]LogD3D11RHI:     AdapterLuid : 0 63047
[2021.10.16-03.02.56:292][  0]LogD3D11RHI: Creating new Direct3DDevice
[2021.10.16-03.02.56:292][  0]LogD3D11RHI:     GPU DeviceId: 0x2482 (for the marketing name, search the web for "GPU Device Id")
[2021.10.16-03.02.56:292][  0]LogWindows: EnumDisplayDevices:
[2021.10.16-03.02.56:292][  0]LogWindows:    0. 'NVIDIA GeForce RTX 3070 Ti' (P:1 D:1)
[2021.10.16-03.02.56:292][  0]LogWindows:    1. 'NVIDIA GeForce RTX 3070 Ti' (P:0 D:0)
[2021.10.16-03.02.56:293][  0]LogWindows:    2. 'NVIDIA GeForce RTX 3070 Ti' (P:0 D:0)
[2021.10.16-03.02.56:293][  0]LogWindows:    3. 'NVIDIA GeForce RTX 3070 Ti' (P:0 D:0)
[2021.10.16-03.02.56:293][  0]LogWindows: DebugString: FoundDriverCount:4 
[2021.10.16-03.02.56:293][  0]LogD3D11RHI:     Adapter Name: NVIDIA GeForce RTX 3070 Ti
[2021.10.16-03.02.56:293][  0]LogD3D11RHI:   Driver Version: 472.12 (internal:30.0.14.7212, unified:472.12)
[2021.10.16-03.02.56:293][  0]LogD3D11RHI:      Driver Date: 9-13-2021
[2021.10.16-03.02.56:293][  0]LogRHI: Texture pool is 5628 MB (70% of 8041 MB)
[2021.10.16-03.02.56:293][  0]LogD3D11RHI: Creating D3DDevice using adapter:
[2021.10.16-03.02.56:293][  0]LogD3D11RHI:     Description : NVIDIA GeForce RTX 3070 Ti
[2021.10.16-03.02.56:293][  0]LogD3D11RHI:     VendorId    : 10de
[2021.10.16-03.02.56:293][  0]LogD3D11RHI:     DeviceId    : 2482
[2021.10.16-03.02.56:293][  0]LogD3D11RHI:     SubSysId    : 14b210de
[2021.10.16-03.02.56:293][  0]LogD3D11RHI:     Revision    : 00a1
[2021.10.16-03.02.56:293][  0]LogD3D11RHI:     DedicatedVideoMemory : 8431599616 bytes
[2021.10.16-03.02.56:293][  0]LogD3D11RHI:     DedicatedSystemMemory : 0 bytes
[2021.10.16-03.02.56:293][  0]LogD3D11RHI:     SharedSystemMemory : 17110659072 bytes
[2021.10.16-03.02.56:293][  0]LogD3D11RHI:     AdapterLuid : 0 63047
[2021.10.16-03.02.56:345][  0]LogD3D11RHI: RHI has support for 64 bit atomics
[2021.10.16-03.02.56:345][  0]LogD3D11RHI: Async texture creation enabled
[2021.10.16-03.02.56:345][  0]LogD3D11RHI: Array index from any shader is supported
[2021.10.16-03.02.56:367][  0]LogD3D11RHI: GPU Timing Frequency: 1000.000000 (Debug: 2 1)
[2021.10.16-03.02.56:383][  0]LogRHI: GeForceNow SDK initialized: 1
[2021.10.16-03.02.56:564][  0]LogTargetPlatformManager: Display: Loaded TargetPlatform 'AllDesktop'
[2021.10.16-03.02.56:576][  0]LogTargetPlatformManager: Display: Loaded TargetPlatform 'Android'
[2021.10.16-03.02.56:576][  0]LogTargetPlatformManager: Display: Loaded TargetPlatform 'Android_ASTC'
[2021.10.16-03.02.56:576][  0]LogTargetPlatformManager: Display: Loaded TargetPlatform 'Android_DXT'
[2021.10.16-03.02.56:576][  0]LogTargetPlatformManager: Display: Loaded TargetPlatform 'Android_ETC2'
[2021.10.16-03.02.56:576][  0]LogTargetPlatformManager: Display: Loaded TargetPlatform 'AndroidClient'
[2021.10.16-03.02.56:576][  0]LogTargetPlatformManager: Display: Loaded TargetPlatform 'Android_ASTCClient'
[2021.10.16-03.02.56:576][  0]LogTargetPlatformManager: Display: Loaded TargetPlatform 'Android_DXTClient'
[2021.10.16-03.02.56:576][  0]LogTargetPlatformManager: Display: Loaded TargetPlatform 'Android_ETC2Client'
[2021.10.16-03.02.56:576][  0]LogTargetPlatformManager: Display: Loaded TargetPlatform 'Android_Multi'
[2021.10.16-03.02.56:577][  0]LogTargetPlatformManager: Display: Loaded TargetPlatform 'Android_MultiClient'
[2021.10.16-03.02.56:586][  0]LogTargetPlatformManager: Display: Loaded TargetPlatform 'IOSClient'
[2021.10.16-03.02.56:586][  0]LogTargetPlatformManager: Display: Loaded TargetPlatform 'IOS'
[2021.10.16-03.02.56:592][  0]LogTargetPlatformManager: Display: Loaded TargetPlatform 'Linux'
[2021.10.16-03.02.56:594][  0]LogTargetPlatformManager: Display: Loaded TargetPlatform 'LinuxNoEditor'
[2021.10.16-03.02.56:596][  0]LogTargetPlatformManager: Display: Loaded TargetPlatform 'LinuxClient'
[2021.10.16-03.02.56:598][  0]LogTargetPlatformManager: Display: Loaded TargetPlatform 'LinuxServer'
[2021.10.16-03.02.56:603][  0]LogTargetPlatformManager: Display: Loaded TargetPlatform 'LinuxAArch64NoEditor'
[2021.10.16-03.02.56:606][  0]LogTargetPlatformManager: Display: Loaded TargetPlatform 'LinuxAArch64Client'
[2021.10.16-03.02.56:608][  0]LogTargetPlatformManager: Display: Loaded TargetPlatform 'LinuxAArch64Server'
[2021.10.16-03.02.56:621][  0]LogTargetPlatformManager: Display: Loaded TargetPlatform 'Lumin'
[2021.10.16-03.02.56:621][  0]LogTargetPlatformManager: Display: Loaded TargetPlatform 'LuminClient'
[2021.10.16-03.02.56:625][  0]LogTargetPlatformManager: Display: Loaded TargetPlatform 'MacNoEditor'
[2021.10.16-03.02.56:628][  0]LogTargetPlatformManager: Display: Loaded TargetPlatform 'Mac'
[2021.10.16-03.02.56:630][  0]LogTargetPlatformManager: Display: Loaded TargetPlatform 'MacClient'
[2021.10.16-03.02.56:632][  0]LogTargetPlatformManager: Display: Loaded TargetPlatform 'MacServer'
[2021.10.16-03.02.56:637][  0]LogTargetPlatformManager: Display: Loaded TargetPlatform 'TVOSClient'
[2021.10.16-03.02.56:637][  0]LogTargetPlatformManager: Display: Loaded TargetPlatform 'TVOS'
[2021.10.16-03.02.56:642][  0]LogTargetPlatformManager: Display: Loaded TargetPlatform 'WindowsNoEditor'
[2021.10.16-03.02.56:644][  0]LogTargetPlatformManager: Display: Loaded TargetPlatform 'Windows'
[2021.10.16-03.02.56:646][  0]LogTargetPlatformManager: Display: Loaded TargetPlatform 'WindowsClient'
[2021.10.16-03.02.56:648][  0]LogTargetPlatformManager: Display: Loaded TargetPlatform 'WindowsServer'
[2021.10.16-03.02.56:648][  0]LogTargetPlatformManager: Display: Building Assets For Windows
[2021.10.16-03.02.56:652][  0]LogAudioDebug: Display: Lib vorbis DLL was dynamically loaded.
[2021.10.16-03.02.56:669][  0]LogTextureFormatOodle: Display: Oodle Texture 2.9.0 init RDO Off
[2021.10.16-03.02.56:686][  0]LogRendererCore: Ray tracing is disabled. Reason: r.RayTracing=0.
[2021.10.16-03.02.56:686][  0]LogShaderCompilers: Guid format shader working directory is 17 characters bigger than the processId version (../../../../LevelDesignProject/Intermediate/Shaders/WorkingDirectory/2764/).
[2021.10.16-03.02.56:686][  0]LogShaderCompilers: Cleaned the shader compiler working directory 'C:/Users/Kahlua/AppData/Local/Temp/UnrealShaderWorkingDir/F77C9C5E446918B79344F880F0693BE4/'.
[2021.10.16-03.02.56:686][  0]LogXGEController: Cannot use XGE Controller as Incredibuild is not installed on this machine.
[2021.10.16-03.02.56:686][  0]LogShaderCompilers: Cannot use XGE Shader Compiler as Incredibuild is not installed on this machine.
[2021.10.16-03.02.56:686][  0]LogShaderCompilers: Display: Using Local Shader Compiler.
[2021.10.16-03.02.57:196][  0]LogDerivedDataCache: Display: Max Cache Size: 512 MB
[2021.10.16-03.02.57:234][  0]LogDerivedDataCache: Loaded boot cache 0.04s 96MB C:/Users/Kahlua/AppData/Local/UnrealEngine/4.27/DerivedDataCache/Boot.ddc.
[2021.10.16-03.02.57:234][  0]LogDerivedDataCache: Display: Loaded Boot cache: C:/Users/Kahlua/AppData/Local/UnrealEngine/4.27/DerivedDataCache/Boot.ddc
[2021.10.16-03.02.57:234][  0]LogDerivedDataCache: FDerivedDataBackendGraph:  Pak pak cache file ../../../../LevelDesignProject/DerivedDataCache/DDC.ddp not found, will not use a pak cache.
[2021.10.16-03.02.57:234][  0]LogDerivedDataCache: Unable to find inner node Pak for hierarchical cache Hierarchy.
[2021.10.16-03.02.57:234][  0]LogDerivedDataCache: FDerivedDataBackendGraph:  CompressedPak pak cache file ../../../../LevelDesignProject/DerivedDataCache/Compressed.ddp not found, will not use a pak cache.
[2021.10.16-03.02.57:234][  0]LogDerivedDataCache: Unable to find inner node CompressedPak for hierarchical cache Hierarchy.
[2021.10.16-03.02.57:246][  0]LogDerivedDataCache: Display: Pak cache opened for reading ../../../Engine/DerivedDataCache/Compressed.ddp.
[2021.10.16-03.02.57:246][  0]LogDerivedDataCache: FDerivedDataBackendGraph:  EnterprisePak pak cache file ../../../Enterprise/DerivedDataCache/Compressed.ddp not found, will not use a pak cache.
[2021.10.16-03.02.57:246][  0]LogDerivedDataCache: Unable to find inner node EnterprisePak for hierarchical cache Hierarchy.
[2021.10.16-03.02.57:250][  0]LogDerivedDataCache: Speed tests for C:/Users/Kahlua/AppData/Local/UnrealEngine/Common/DerivedDataCache took 0.00 seconds
[2021.10.16-03.02.57:250][  0]LogDerivedDataCache: Display: Performance to C:/Users/Kahlua/AppData/Local/UnrealEngine/Common/DerivedDataCache: Latency=0.02ms. RandomReadSpeed=2530.45MBs, RandomWriteSpeed=351.33MBs. Assigned SpeedClass 'Local'
[2021.10.16-03.02.57:250][  0]LogDerivedDataCache: Using Local data cache path C:/Users/Kahlua/AppData/Local/UnrealEngine/Common/DerivedDataCache: Writable
[2021.10.16-03.02.57:250][  0]LogDerivedDataCache: Shared data cache path not found in *engine.ini, will not use an Shared cache.
[2021.10.16-03.02.57:250][  0]LogDerivedDataCache: Unable to find inner node Shared for hierarchical cache Hierarchy.
[2021.10.16-03.02.57:286][  0]LogSlate: Using FreeType 2.10.0
[2021.10.16-03.02.57:286][  0]LogSlate: SlateFontServices - WITH_FREETYPE: 1, WITH_HARFBUZZ: 1
[2021.10.16-03.02.57:300][  0]LogAssetRegistry: FAssetRegistry took 0.0017 seconds to start up
[2021.10.16-03.02.57:449][  0]LogInit: Selected Device Profile: [Windows]
[2021.10.16-03.02.57:449][  0]LogInit: Active device profile: [000002164C382C00][000002164B05C0C0 49] Windows
[2021.10.16-03.02.57:449][  0]LogInit: Profiles: [000002164C382C00][000002164B05C0C0 49] Windows, [000002164C314F00][000002164B064240 49] WindowsNoEditor, [000002164C382600][000002164B060380 49] WindowsServer, [000002164C315400][000002164B0684C0 49] WindowsClient, [000002164C382200][000002164B06C600 49] IOS, [000002164C315500][000002164B070740 49] iPadAir, [000002164C317E00][000002164B0788C0 49] iPadAir2, [000002164C2CD300][000002164B080B80 49] IPadPro, [000002164C2CD400][000002164B07CBC0 49] iPadAir3, [000002164C382B00][000002164B084D40 49] iPadAir4, [000002164C2CD500][000002164B088EC0 49] iPadMini2, [000002164C2CCE00][000002164B08D040 49] iPadMini3, [000002164C317F00][000002164B8C11C0 49] iPadMini4, [000002164C2CF800][000002164B8C5340 49] iPadMini5, [000002164C2D4C00][000002164B8CD600 49] iPhone6, [000002164C2D4D00][000002164B8C9640 49] iPodTouch6, [000002164C383200][000002164B8D5900 49] iPhone7, [000002164C381A00][000002164B8D1940 49] iPodTouch7, [000002164C2D4600][000002164B8D9AC0 49] iPhone5S, [000002164C317700][000002164B8DC0C0 49] iPhone6Plus, [000002164C2D7D00][000002164B8E0240 49] iPhone6S, [000002164C316E00][000002164B8E43C0 49] iPhone6SPlus, [000002164C2D7600][000002164B8E8540 49] iPhone7Plus, [000002164C317A00][000002164B074680 49] iPhoneSE, [000002164C2D6D00][000002164B8EC7C0 49] iPhone8, [000002164C317200][000002164B8F0900 49] iPhone8Plus, [000002164C2D6700][000002164B8F8A80 49] iPhoneX, [000002164C316300][000002164B8FCC00 49] iPhoneXS, [000002164C2D7F00][000002164B900D80 49] iPhoneXSMax, [000002164C314600][000002164B904F00 49] iPhoneXR, [000002164C2D5000][000002164B909080 49] iPhone11, [000002164C315700][000002164B90D200 49] iPhone11Pro, [000002164C380100][000002164B911380 49] iPhone11ProMax, [000002164C317C00][000002164B915500 49] iPhoneSE2, [000002164C381C00][000002164B919680 49] iPhone12Mini, [000002164C316800][000002164B91D800 49] iPhone12, [000002164C381400][000002164B921980 49] iPhone12Pro, [000002164C314C00][000002164B925B00 49] iPhone12ProMax, [000002164C381E00][000002164B928100 49] iPadPro105, [000002164C316F00][000002164B92C280 49] iPadPro129, [000002164C382800][000002164B930400 49] iPadPro97, [000002164C317900][000002164B934580 49] iPadPro2_129, [000002164C383500][000002164B9A8700 49] iPad5, [000002164C316B00][000002164B8F4840 49] iPad6, [000002164C380E00][00000216447C4980 49] iPad7, [000002164C317B00][00000216447D4AC0 49] iPad8, [000002164C380500][00000216447D8C40 49] iPadPro11, [000002164C315100][0000021641262DC0 49] iPadPro2_11, [000002164C381B00][0000021641266F40 49] iPadPro3_129, [000002164C314700][000002164126B0C0 49] iPadPro4_129, [000002164C382700][000002164126F240 49] AppleTV, [000002164C317000][00000216412733C0 49] AppleTV4K, [000002164C383100][0000021640445540 49] TVOS, [000002164C315B00][000002164044D6C0 49] Mac, [000002164C380400][000002164B941840 49] MacClient, [000002164C316400][000002164B9459C0 49] MacNoEditor, [000002164C380800][000002164B949B40 49] MacServer, [000002164C317500][000002164B972140 49] Linux, [000002164C380700][000002164B9762C0 49] LinuxAArch64, [000002164C315E00][000002164B97E440 49] LinuxNoEditor, [000002164C382F00][000002164B98E5C0 49] LinuxAArch64NoEditor, [000002164C317300][000002164B9A2740 49] LinuxClient, [000002164C381100][00000216412CA8C0 49] LinuxAArch64Client, [000002164C314400][00000216446A6A00 49] LinuxServer, [000002164C380200][00000216412CEB40 49] LinuxAArch64Server, [000002164C315900][00000216412D2C80 49] Android, [000002164C381F00][000002164BCB0DC0 49] Android_Low, [000002164C317800][000002164BCB8F40 49] Android_Mid, [000002164C382A00][000002164BCBD0C0 49] Android_High, [000002164C315800][00000216412D7240 49] Android_Default, [000002164C382000][00000216412DB3C0 49] Android_Adreno4xx, [000002164C2CF700][00000216404E7540 49] Android_Adreno5xx_Low, [000002164C2D5600][00000216404EB6C0 49] Android_Adreno5xx, [000002164C2CD900][00000216412DF840 49] Android_Adreno6xx, [000002164C2D7100][00000216412E39C0 49] Android_Adreno6xx_Vulkan, [000002164C2CFD00][00000216412E7B40 49] Android_Mali_T6xx, [000002164C2D7B00][00000216412EA140 49] Android_Mali_T7xx, [000002164C2CED00][000002164B8A62C0 49] Android_Mali_T8xx, [000002164C2D4500][000002164B8AA440 49] Android_Mali_G71, [000002164C2CE000][000002164468A5C0 49] Android_Mali_G72, [000002164C2D7000][000002164468E740 49] Android_Mali_G72_Vulkan, [000002164C2CDC00][000002164469E8C0 49] Android_Mali_G76, [000002164C2D5F00][00000216446A2A40 49] Android_Mali_G76_Vulkan, [000002164C2CF400][000002164BCB4B80 49] Android_Mali_G77, [000002164C2D5D00][00000216447BACC0 49] Android_Mali_G77_Vulkan, [000002164C2CE200][00000216447BEE00 49] Android_Mali_G78, [000002164C2D6400][000002164B536F40 49] Android_Mali_G78_Vulkan, [000002164C2CC400][000002164B53F0C0 49] Android_Mali_G710, [000002164C2D5B00][000002164B543240 49] Android_Mali_G710_Vulkan, [000002164C2CEA00][000002164B5473C0 49] Android_Vulkan_SM5, [000002164C2D5800][000002164B54B540 49] Android_PowerVR_G6xxx, [000002164C2CFC00][000002164B54F6C0 49] Android_PowerVR_GT7xxx, [000002164C2D6500][000002164B553840 49] Android_PowerVR_GE8xxx, [000002164C2CD000][000002164B5579C0 49] Android_PowerVR_GM9xxx, [000002164C2D7800][000002164B55BB40 49] Android_PowerVR_GM9xxx_Vulkan, [000002164C2CCD00][000002164B55E140 49] Android_TegraK1, [000002164C2D4900][000002164B5762C0 49] Android_Unknown_Vulkan, [000002164C2CD100][000002164B9E8440 49] Lumin, [000002164C2D6F00][000002164B57A5C0 49] Lumin_Desktop, [000002164C2CEB00][000002164B3FA740 49] HoloLens, 
[2021.10.16-03.02.57:529][  0]LogMeshReduction: Using QuadricMeshReduction for automatic static mesh reduction
[2021.10.16-03.02.57:529][  0]LogMeshReduction: Using SimplygonMeshReduction for automatic skeletal mesh reduction
[2021.10.16-03.02.57:529][  0]LogMeshReduction: Using ProxyLODMeshReduction for automatic mesh merging
[2021.10.16-03.02.57:529][  0]LogMeshReduction: No distributed automatic mesh merging module available
[2021.10.16-03.02.57:529][  0]LogMeshMerging: No distributed automatic mesh merging module available
[2021.10.16-03.02.57:538][  0]LogNetVersion: LevelDesignProject 1.0.0, NetCL: 17155196, EngineNetVer: 17, GameNetVer: 0 (Checksum: 3238393907)
[2021.10.16-03.02.57:766][  0]LogTexture: Default maximum texture size for cubemaps generated from long-lat sources has been changed from 512 to unlimited. In order to preserve old behaiour for '/Engine/MapTemplates/Sky/DaylightAmbientCubemap.DaylightAmbientCubemap', its maximum texture size has been explicitly set to 512.
[2021.10.16-03.02.57:801][  0]LogHMD: PokeAHoleMaterial loaded successfully
[2021.10.16-03.02.57:804][  0]LogUObjectArray: 17178 objects as part of root set at end of initial load.
[2021.10.16-03.02.57:804][  0]LogUObjectAllocator: 4301856 out of 0 bytes used by permanent object pool.
[2021.10.16-03.02.57:804][  0]LogUObjectArray: CloseDisregardForGC: 0/0 objects in disregard for GC pool
[2021.10.16-03.02.57:946][  0]LogNiagaraDebuggerClient: Niagara Debugger Client Initialized | Session: 2A6B9E684463B290B2022EA7323EB02E | Instance: 0F2F31404925CD2273313586C714E502 (DESKTOP-Q91I5OR-2764).
[2021.10.16-03.02.57:966][  0]LogImageWrapper: Warning: PNG Warning: Duplicate iCCP chunk
[2021.10.16-03.02.57:966][  0]LogImageWrapper: Warning: PNG Warning: Duplicate iCCP chunk
[2021.10.16-03.02.57:966][  0]LogPython: Using Python 3.7.7
[2021.10.16-03.02.58:330][  0]LogTcpMessaging: Initializing TcpMessaging bridge
[2021.10.16-03.02.58:339][  0]LogUdpMessaging: Initializing bridge on interface 0.0.0.0:0 to multicast group 230.0.0.1:6666.
[2021.10.16-03.02.58:517][  0]LogOpenImageDenoise: OIDN starting up
[2021.10.16-03.02.58:538][  0]LogAndroidPermission: UAndroidPermissionCallbackProxy::GetInstance
[2021.10.16-03.02.58:548][  0]LogAudioCaptureCore: Display: No Audio Capture implementations found. Audio input will be silent.
[2021.10.16-03.02.58:548][  0]LogAudioCaptureCore: Display: No Audio Capture implementations found. Audio input will be silent.
[2021.10.16-03.02.58:613][  0]SourceControl: Source control is disabled
[2021.10.16-03.02.58:613][  0]SourceControl: Source control is disabled
[2021.10.16-03.02.58:614][  0]SourceControl: Source control is disabled
[2021.10.16-03.02.58:616][  0]SourceControl: Source control is disabled
[2021.10.16-03.02.58:617][  0]SourceControl: Source control is disabled
[2021.10.16-03.02.58:622][  0]LogUProjectInfo: Found projects:
[2021.10.16-03.02.58:627][  0]LogVSAccessor: Display: Unable to create Visual Studio setup instance: 80040154
[2021.10.16-03.02.58:627][  0]LogVSAccessor: Display: Unable to create Visual Studio setup instance: 80040154
[2021.10.16-03.02.58:627][  0]LogVSAccessor: Display: Unable to create Visual Studio setup instance: 80040154
[2021.10.16-03.02.58:631][  0]LogCollectionManager: Loaded 0 collections in 0.000398 seconds
[2021.10.16-03.02.58:645][  0]LogFileCache: Scanning file cache for directory 'D:/Epic Games/LevelDesignProject/Saved/Collections/' took 0.00s
[2021.10.16-03.02.58:645][  0]LogFileCache: Scanning file cache for directory 'D:/Epic Games/LevelDesignProject/Content/Developers/Kahlua/Collections/' took 0.00s
[2021.10.16-03.02.58:645][  0]LogFileCache: Scanning file cache for directory 'D:/Epic Games/LevelDesignProject/Content/Collections/' took 0.00s
[2021.10.16-03.02.58:645][  0]LogOcInput: OculusInput pre-init called
[2021.10.16-03.02.58:783][  0]LogImageWrapper: Warning: PNG Warning: Duplicate iCCP chunk
[2021.10.16-03.02.58:783][  0]LogImageWrapper: Warning: PNG Warning: Duplicate iCCP chunk
[2021.10.16-03.02.58:783][  0]LogEngine: Initializing Engine...
[2021.10.16-03.02.58:786][  0]LogHMD: Failed to enumerate extensions. Please check that you have a valid OpenXR runtime installed.
[2021.10.16-03.02.58:786][  0]LogHMD: Failed to initialize OpenVR with code 110
[2021.10.16-03.02.58:786][  0]LogMagicLeap: Warning: VR disabled because ZI is not enabled.  To enable, in the editor, Edit -> Project Settings -> Plugins -> Magic Leap Plugin -> Enable Zero Iteration
[2021.10.16-03.02.58:786][  0]LogStats: UGameplayTagsManager::InitializeManager -  0.000 s
[2021.10.16-03.02.58:867][  0]LogInit: Initializing FReadOnlyCVARCache
[2021.10.16-03.02.58:871][  0]LogAIModule: Creating AISystem for world Untitled
[2021.10.16-03.02.58:871][  0]LogAudio: Display: Initializing Audio Device Manager...
[2021.10.16-03.02.58:873][  0]LogAudio: Display: Loading Default Audio Settings Objects...
[2021.10.16-03.02.58:873][  0]LogAudio: Display: No default SoundConcurrencyObject specified (or failed to load).
[2021.10.16-03.02.58:873][  0]LogAudio: Display: Audio Device Manager Initialized
[2021.10.16-03.02.58:873][  0]LogAudio: Display: Creating Audio Device:                 Id: 1, Scope: Shared, Realtime: True
[2021.10.16-03.02.58:873][  0]LogAudioMixer: Display: Audio Mixer Platform Settings:
[2021.10.16-03.02.58:873][  0]LogAudioMixer: Display: 	Sample Rate:						  48000
[2021.10.16-03.02.58:873][  0]LogAudioMixer: Display: 	Callback Buffer Frame Size Requested: 1024
[2021.10.16-03.02.58:873][  0]LogAudioMixer: Display: 	Callback Buffer Frame Size To Use:	  1024
[2021.10.16-03.02.58:873][  0]LogAudioMixer: Display: 	Number of buffers to queue:			  2
[2021.10.16-03.02.58:873][  0]LogAudioMixer: Display: 	Max Channels (voices):				  32
[2021.10.16-03.02.58:873][  0]LogAudioMixer: Display: 	Number of Async Source Workers:		  0
[2021.10.16-03.02.58:873][  0]LogAudio: Display: AudioDevice MaxSources: 32
[2021.10.16-03.02.58:874][  0]LogAudio: Display: Audio Spatialization Plugin: None (built-in).
[2021.10.16-03.02.58:874][  0]LogAudio: Display: Audio Reverb Plugin: None (built-in).
[2021.10.16-03.02.58:874][  0]LogAudio: Display: Audio Occlusion Plugin: None (built-in).
[2021.10.16-03.02.58:874][  0]LogAudioMixer: Display: Initializing audio mixer.
[2021.10.16-03.02.58:879][  0]LogAudioMixer: Display: 0: FrontLeft
[2021.10.16-03.02.58:879][  0]LogAudioMixer: Display: 1: FrontRight
[2021.10.16-03.02.58:900][  0]LogAudioMixer: Display: Using Audio Device Realtek Digital Output (Realtek(R) Audio)
[2021.10.16-03.02.58:904][  0]LogAudioMixer: Display: Initializing Sound Submixes...
[2021.10.16-03.02.58:905][  0]LogAudioMixer: Display: Creating Master Submix 'MasterSubmixDefault'
[2021.10.16-03.02.58:905][  0]LogAudioMixer: Display: Creating Master Submix 'MasterReverbSubmixDefault'
[2021.10.16-03.02.58:906][  0]LogAudioMixer: Display: Creating Master Submix 'MasterEQSubmixDefault'
[2021.10.16-03.02.58:906][  0]LogAudioMixer: FMixerPlatformXAudio2::StartAudioStream() called
[2021.10.16-03.02.58:906][  0]LogAudioMixer: Display: Output buffers initialized: Frames=1024, Channels=2, Samples=2048
[2021.10.16-03.02.58:907][  0]LogAudioMixer: Display: Starting AudioMixerPlatformInterface::RunInternal()
[2021.10.16-03.02.58:907][  0]LogAudioMixer: Display: FMixerPlatformXAudio2::SubmitBuffer() called for the first time
[2021.10.16-03.02.58:907][  0]LogInit: FAudioDevice initialized.
[2021.10.16-03.02.58:907][  0]LogAudio: Display: Audio Device (ID: 1) registered with world 'Untitled'.
[2021.10.16-03.02.58:907][  0]LogNetVersion: Set ProjectVersion to 1.0.0.0. Version Checksum will be recalculated on next use.
[2021.10.16-03.02.58:939][  0]LogDerivedDataCache: Saved boot cache 0.03s 94MB C:/Users/Kahlua/AppData/Local/UnrealEngine/4.27/DerivedDataCache/Boot.ddc.
[2021.10.16-03.02.58:939][  0]LogInit: Texture streaming: Enabled
[2021.10.16-03.02.58:945][  0]LogAnalytics: Display: [UEEditor.Rocket.Release] APIServer = https://datarouter.ol.epicgames.com/. AppVersion = 4.27.1-17735300+++UE4+Release-4.27
[2021.10.16-03.02.58:947][  0]LogEngineSessionManager: EngineSessionManager initialized
[2021.10.16-03.02.58:947][  0]LogEditorSessionSummary: Verbose: Initializing EditorSessionSummaryWriter for editor session tracking
[2021.10.16-03.02.58:948][  0]LogEditorSessionSummary: EditorSessionSummaryWriter initialized
[2021.10.16-03.02.58:962][  0]LogInit: Transaction tracking system initialized
[2021.10.16-03.02.58:973][  0]BlueprintLog: New page: Editor Load
[2021.10.16-03.02.59:004][  0]LocalizationService: Localization service is disabled
[2021.10.16-03.02.59:016][  0]TimingProfiler: Initialize
[2021.10.16-03.02.59:016][  0]TimingProfiler: OnSessionChanged
[2021.10.16-03.02.59:016][  0]LoadingProfiler: Initialize
[2021.10.16-03.02.59:016][  0]LoadingProfiler: OnSessionChanged
[2021.10.16-03.02.59:016][  0]NetworkingProfiler: Initialize
[2021.10.16-03.02.59:016][  0]NetworkingProfiler: OnSessionChanged
[2021.10.16-03.02.59:016][  0]MemoryProfiler: Initialize
[2021.10.16-03.02.59:016][  0]MemoryProfiler: OnSessionChanged
[2021.10.16-03.02.59:046][  0]LogVSAccessor: Display: Unable to create Visual Studio setup instance: 80040154
[2021.10.16-03.02.59:046][  0]LogVSAccessor: Display: Unable to create Visual Studio setup instance: 80040154
[2021.10.16-03.02.59:047][  0]LogVSAccessor: Display: Unable to create Visual Studio setup instance: 80040154
[2021.10.16-03.02.59:093][  0]LogCook: Display: CookSettings for Memory: MemoryMaxUsedVirtual 0MiB, MemoryMaxUsedPhysical 16384MiB, MemoryMinFreeVirtual 0MiB, MemoryMinFreePhysical 1024MiB
[2021.10.16-03.02.59:093][  0]LogCook: Display: Mobile HDR setting 1
[2021.10.16-03.02.59:196][  0]LogFileCache: Scanning file cache for directory 'D:/Epic Games/LevelDesignProject/Content/' took 0.00s
[2021.10.16-03.02.59:306][  0]LogImageWrapper: Warning: PNG Warning: Duplicate iCCP chunk
[2021.10.16-03.02.59:306][  0]LogImageWrapper: Warning: PNG Warning: Duplicate iCCP chunk
[2021.10.16-03.02.59:306][  0]LogInit: Display: Engine is initialized. Leaving FEngineLoop::Init()
[2021.10.16-03.02.59:308][  0]SourceControl: Source control is disabled
[2021.10.16-03.02.59:308][  0]LogUnrealEdMisc: Loading editor; pre map load, took 3.877
[2021.10.16-03.02.59:308][  0]Cmd: MAP LOAD FILE="../../../../LevelDesignProject/Content/StarterContent/Maps/Minimal_Default.umap" TEMPLATE=0 SHOWPROGRESS=1 FEATURELEVEL=3
[2021.10.16-03.02.59:308][  0]LightingResults: New page: Lighting Build
[2021.10.16-03.02.59:309][  0]LogWorld: UWorld::CleanupWorld for Untitled, bSessionEnded=true, bCleanupResources=true
[2021.10.16-03.02.59:309][  0]LogSlate: InvalidateAllWidgets triggered.  All widgets were invalidated
[2021.10.16-03.02.59:309][  0]MapCheck: New page: Map Check
[2021.10.16-03.02.59:309][  0]LightingResults: New page: Lighting Build
[2021.10.16-03.02.59:312][  0]LogAudio: Display: Audio Device unregistered from world 'None'.
[2021.10.16-03.02.59:313][  0]LogUObjectHash: Compacting FUObjectHashTables data took   0.47ms
[2021.10.16-03.02.59:367][  0]LogStaticMesh: Building static mesh Floor_400x400...
[2021.10.16-03.02.59:368][  0]LogStaticMesh: Built static mesh [0.00s] /Game/StarterContent/Architecture/Floor_400x400.Floor_400x400
[2021.10.16-03.02.59:383][  0]LogTexture: Display: Building textures: DeprecatedTextureD6C57B644F03DADF4F2699848FAEA3C3 (BGRA8, 128X128)
[2021.10.16-03.02.59:385][  0]LogTexture: Display: Building textures: DeprecatedTexture8D91C9AE4C6B8D628CDA3C848426284A (BGRA8, 128X128)
[2021.10.16-03.02.59:402][  0]LogAudio: Display: Audio Device (ID: 1) registered with world 'Minimal_Default'.
[2021.10.16-03.02.59:402][  0]LogAIModule: Creating AISystem for world Minimal_Default
[2021.10.16-03.02.59:406][  0]LogEditorServer: Finished looking for orphan Actors (0.000 secs)
[2021.10.16-03.02.59:410][  0]LogUObjectHash: Compacting FUObjectHashTables data took   0.54ms
[2021.10.16-03.02.59:410][  0]Cmd: MAP CHECKDEP NOCLEARLOG
[2021.10.16-03.02.59:410][  0]MapCheck: Map check complete: 0 Error(s), 0 Warning(s), took 0.079ms to complete.
[2021.10.16-03.02.59:410][  0]LogFileHelpers: Loading map 'Minimal_Default' took 0.102
[2021.10.16-03.02.59:411][  0]LogUnrealEdMisc: Total Editor Startup Time, took 3.980
[2021.10.16-03.02.59:513][  0]LogSlate: Updating window title bar state: overlay mode, drag disabled, window buttons hidden, title bar hidden
[2021.10.16-03.02.59:517][  0]LogSlate: Updating window title bar state: overlay mode, drag disabled, window buttons hidden, title bar hidden
[2021.10.16-03.02.59:520][  0]LogSlate: Updating window title bar state: overlay mode, drag disabled, window buttons hidden, title bar hidden
[2021.10.16-03.02.59:524][  0]LogSlate: Updating window title bar state: overlay mode, drag disabled, window buttons hidden, title bar hidden
[2021.10.16-03.02.59:534][  0]LogNativeClassHierarchy: Verbose: Native class hierarchy populated in 0.0059 seconds. Added 3822 classes and 928 folders.
[2021.10.16-03.02.59:535][  0]LogNativeClassHierarchy: Verbose: Native class hierarchy updated for 'WidgetCarousel' in 0.0001 seconds. Added 0 classes and 0 folders.
[2021.10.16-03.02.59:536][  0]LogPakFile: PakFile PrimaryIndexSize=187
[2021.10.16-03.02.59:536][  0]LogPakFile: PakFile PathHashIndexSize=101
[2021.10.16-03.02.59:536][  0]LogPakFile: PakFile FullDirectoryIndexSize=148
[2021.10.16-03.02.59:536][  0]LogShaderLibrary: Display: ShaderCodeLibraryPakFileMountedCallback: PakFile 'D:/Epic Games/UE_4.27/FeaturePacks/FP_FirstPerson.upack' (chunk index -1, root 'root:/') mounted
[2021.10.16-03.02.59:536][  0]LogShaderLibrary: Display: ShaderCodeLibraryPakFileMountedCallback: pending pak file info (ChunkID:-1 Root:root:/ File:D:/Epic Games/UE_4.27/FeaturePacks/FP_FirstPerson.upack)
[2021.10.16-03.02.59:536][  0]LogPakFile: OnPakFileMounted2Time == 0.000032
[2021.10.16-03.02.59:536][  0]LogPakFile: PakFile PrimaryIndexSize=189
[2021.10.16-03.02.59:536][  0]LogPakFile: PakFile PathHashIndexSize=101
[2021.10.16-03.02.59:536][  0]LogPakFile: PakFile FullDirectoryIndexSize=152
[2021.10.16-03.02.59:536][  0]LogShaderLibrary: Display: ShaderCodeLibraryPakFileMountedCallback: PakFile 'D:/Epic Games/UE_4.27/FeaturePacks/FP_FirstPersonBP.upack' (chunk index -1, root 'root:/') mounted
[2021.10.16-03.02.59:536][  0]LogShaderLibrary: Display: ShaderCodeLibraryPakFileMountedCallback: pending pak file info (ChunkID:-1 Root:root:/ File:D:/Epic Games/UE_4.27/FeaturePacks/FP_FirstPersonBP.upack)
[2021.10.16-03.02.59:536][  0]LogPakFile: OnPakFileMounted2Time == 0.000021
[2021.10.16-03.02.59:536][  0]LogPakFile: PakFile PrimaryIndexSize=191
[2021.10.16-03.02.59:536][  0]LogPakFile: PakFile PathHashIndexSize=101
[2021.10.16-03.02.59:536][  0]LogPakFile: PakFile FullDirectoryIndexSize=160
[2021.10.16-03.02.59:536][  0]LogShaderLibrary: Display: ShaderCodeLibraryPakFileMountedCallback: PakFile 'D:/Epic Games/UE_4.27/FeaturePacks/MobileStarterContent.upack' (chunk index -1, root 'root:/') mounted
[2021.10.16-03.02.59:536][  0]LogShaderLibrary: Display: ShaderCodeLibraryPakFileMountedCallback: pending pak file info (ChunkID:-1 Root:root:/ File:D:/Epic Games/UE_4.27/FeaturePacks/MobileStarterContent.upack)
[2021.10.16-03.02.59:536][  0]LogPakFile: OnPakFileMounted2Time == 0.000019
[2021.10.16-03.02.59:536][  0]LogPakFile: PakFile PrimaryIndexSize=185
[2021.10.16-03.02.59:537][  0]LogPakFile: PakFile PathHashIndexSize=101
[2021.10.16-03.02.59:537][  0]LogPakFile: PakFile FullDirectoryIndexSize=148
[2021.10.16-03.02.59:537][  0]LogShaderLibrary: Display: ShaderCodeLibraryPakFileMountedCallback: PakFile 'D:/Epic Games/UE_4.27/FeaturePacks/StarterContent.upack' (chunk index -1, root 'root:/') mounted
[2021.10.16-03.02.59:537][  0]LogShaderLibrary: Display: ShaderCodeLibraryPakFileMountedCallback: pending pak file info (ChunkID:-1 Root:root:/ File:D:/Epic Games/UE_4.27/FeaturePacks/StarterContent.upack)
[2021.10.16-03.02.59:537][  0]LogPakFile: OnPakFileMounted2Time == 0.000024
[2021.10.16-03.02.59:537][  0]LogPakFile: PakFile PrimaryIndexSize=190
[2021.10.16-03.02.59:537][  0]LogPakFile: PakFile PathHashIndexSize=101
[2021.10.16-03.02.59:537][  0]LogPakFile: PakFile FullDirectoryIndexSize=154
[2021.10.16-03.02.59:537][  0]LogShaderLibrary: Display: ShaderCodeLibraryPakFileMountedCallback: PakFile 'D:/Epic Games/UE_4.27/FeaturePacks/TP_2DSideScroller.upack' (chunk index -1, root 'root:/') mounted
[2021.10.16-03.02.59:537][  0]LogShaderLibrary: Display: ShaderCodeLibraryPakFileMountedCallback: pending pak file info (ChunkID:-1 Root:root:/ File:D:/Epic Games/UE_4.27/FeaturePacks/TP_2DSideScroller.upack)
[2021.10.16-03.02.59:537][  0]LogPakFile: OnPakFileMounted2Time == 0.000020
[2021.10.16-03.02.59:537][  0]LogPakFile: PakFile PrimaryIndexSize=192
[2021.10.16-03.02.59:537][  0]LogPakFile: PakFile PathHashIndexSize=101
[2021.10.16-03.02.59:537][  0]LogPakFile: PakFile FullDirectoryIndexSize=158
[2021.10.16-03.02.59:537][  0]LogShaderLibrary: Display: ShaderCodeLibraryPakFileMountedCallback: PakFile 'D:/Epic Games/UE_4.27/FeaturePacks/TP_2DSideScrollerBP.upack' (chunk index -1, root 'root:/') mounted
[2021.10.16-03.02.59:537][  0]LogShaderLibrary: Display: ShaderCodeLibraryPakFileMountedCallback: pending pak file info (ChunkID:-1 Root:root:/ File:D:/Epic Games/UE_4.27/FeaturePacks/TP_2DSideScrollerBP.upack)
[2021.10.16-03.02.59:537][  0]LogPakFile: OnPakFileMounted2Time == 0.000019
[2021.10.16-03.02.59:537][  0]LogPakFile: PakFile PrimaryIndexSize=182
[2021.10.16-03.02.59:537][  0]LogPakFile: PakFile PathHashIndexSize=101
[2021.10.16-03.02.59:537][  0]LogPakFile: PakFile FullDirectoryIndexSize=138
[2021.10.16-03.02.59:537][  0]LogShaderLibrary: Display: ShaderCodeLibraryPakFileMountedCallback: PakFile 'D:/Epic Games/UE_4.27/FeaturePacks/TP_Flying.upack' (chunk index -1, root 'root:/') mounted
[2021.10.16-03.02.59:537][  0]LogShaderLibrary: Display: ShaderCodeLibraryPakFileMountedCallback: pending pak file info (ChunkID:-1 Root:root:/ File:D:/Epic Games/UE_4.27/FeaturePacks/TP_Flying.upack)
[2021.10.16-03.02.59:537][  0]LogPakFile: OnPakFileMounted2Time == 0.000018
[2021.10.16-03.02.59:538][  0]LogPakFile: PakFile PrimaryIndexSize=184
[2021.10.16-03.02.59:538][  0]LogPakFile: PakFile PathHashIndexSize=101
[2021.10.16-03.02.59:538][  0]LogPakFile: PakFile FullDirectoryIndexSize=142
[2021.10.16-03.02.59:538][  0]LogShaderLibrary: Display: ShaderCodeLibraryPakFileMountedCallback: PakFile 'D:/Epic Games/UE_4.27/FeaturePacks/TP_FlyingBP.upack' (chunk index -1, root 'root:/') mounted
[2021.10.16-03.02.59:538][  0]LogShaderLibrary: Display: ShaderCodeLibraryPakFileMountedCallback: pending pak file info (ChunkID:-1 Root:root:/ File:D:/Epic Games/UE_4.27/FeaturePacks/TP_FlyingBP.upack)
[2021.10.16-03.02.59:538][  0]LogPakFile: OnPakFileMounted2Time == 0.000018
[2021.10.16-03.02.59:538][  0]LogPakFile: PakFile PrimaryIndexSize=188
[2021.10.16-03.02.59:538][  0]LogPakFile: PakFile PathHashIndexSize=101
[2021.10.16-03.02.59:538][  0]LogPakFile: PakFile FullDirectoryIndexSize=150
[2021.10.16-03.02.59:538][  0]LogShaderLibrary: Display: ShaderCodeLibraryPakFileMountedCallback: PakFile 'D:/Epic Games/UE_4.27/FeaturePacks/TP_HandheldARBP.upack' (chunk index -1, root 'root:/') mounted
[2021.10.16-03.02.59:538][  0]LogShaderLibrary: Display: ShaderCodeLibraryPakFileMountedCallback: pending pak file info (ChunkID:-1 Root:root:/ File:D:/Epic Games/UE_4.27/FeaturePacks/TP_HandheldARBP.upack)
[2021.10.16-03.02.59:538][  0]LogPakFile: OnPakFileMounted2Time == 0.000019
[2021.10.16-03.02.59:538][  0]LogPakFile: PakFile PrimaryIndexSize=182
[2021.10.16-03.02.59:538][  0]LogPakFile: PakFile PathHashIndexSize=101
[2021.10.16-03.02.59:538][  0]LogPakFile: PakFile FullDirectoryIndexSize=138
[2021.10.16-03.02.59:538][  0]LogShaderLibrary: Display: ShaderCodeLibraryPakFileMountedCallback: PakFile 'D:/Epic Games/UE_4.27/FeaturePacks/TP_Puzzle.upack' (chunk index -1, root 'root:/') mounted
[2021.10.16-03.02.59:538][  0]LogShaderLibrary: Display: ShaderCodeLibraryPakFileMountedCallback: pending pak file info (ChunkID:-1 Root:root:/ File:D:/Epic Games/UE_4.27/FeaturePacks/TP_Puzzle.upack)
[2021.10.16-03.02.59:538][  0]LogPakFile: OnPakFileMounted2Time == 0.000025
[2021.10.16-03.02.59:539][  0]LogPakFile: PakFile PrimaryIndexSize=184
[2021.10.16-03.02.59:539][  0]LogPakFile: PakFile PathHashIndexSize=101
[2021.10.16-03.02.59:539][  0]LogPakFile: PakFile FullDirectoryIndexSize=142
[2021.10.16-03.02.59:539][  0]LogShaderLibrary: Display: ShaderCodeLibraryPakFileMountedCallback: PakFile 'D:/Epic Games/UE_4.27/FeaturePacks/TP_PuzzleBP.upack' (chunk index -1, root 'root:/') mounted
[2021.10.16-03.02.59:539][  0]LogShaderLibrary: Display: ShaderCodeLibraryPakFileMountedCallback: pending pak file info (ChunkID:-1 Root:root:/ File:D:/Epic Games/UE_4.27/FeaturePacks/TP_PuzzleBP.upack)
[2021.10.16-03.02.59:539][  0]LogPakFile: OnPakFileMounted2Time == 0.000020
[2021.10.16-03.02.59:539][  0]LogPakFile: PakFile PrimaryIndexSize=183
[2021.10.16-03.02.59:539][  0]LogPakFile: PakFile PathHashIndexSize=101
[2021.10.16-03.02.59:539][  0]LogPakFile: PakFile FullDirectoryIndexSize=140
[2021.10.16-03.02.59:539][  0]LogShaderLibrary: Display: ShaderCodeLibraryPakFileMountedCallback: PakFile 'D:/Epic Games/UE_4.27/FeaturePacks/TP_Rolling.upack' (chunk index -1, root 'root:/') mounted
[2021.10.16-03.02.59:539][  0]LogShaderLibrary: Display: ShaderCodeLibraryPakFileMountedCallback: pending pak file info (ChunkID:-1 Root:root:/ File:D:/Epic Games/UE_4.27/FeaturePacks/TP_Rolling.upack)
[2021.10.16-03.02.59:539][  0]LogPakFile: OnPakFileMounted2Time == 0.000018
[2021.10.16-03.02.59:539][  0]LogPakFile: PakFile PrimaryIndexSize=185
[2021.10.16-03.02.59:539][  0]LogPakFile: PakFile PathHashIndexSize=101
[2021.10.16-03.02.59:539][  0]LogPakFile: PakFile FullDirectoryIndexSize=144
[2021.10.16-03.02.59:539][  0]LogShaderLibrary: Display: ShaderCodeLibraryPakFileMountedCallback: PakFile 'D:/Epic Games/UE_4.27/FeaturePacks/TP_RollingBP.upack' (chunk index -1, root 'root:/') mounted
[2021.10.16-03.02.59:539][  0]LogShaderLibrary: Display: ShaderCodeLibraryPakFileMountedCallback: pending pak file info (ChunkID:-1 Root:root:/ File:D:/Epic Games/UE_4.27/FeaturePacks/TP_RollingBP.upack)
[2021.10.16-03.02.59:539][  0]LogPakFile: OnPakFileMounted2Time == 0.000020
[2021.10.16-03.02.59:539][  0]LogPakFile: PakFile PrimaryIndexSize=188
[2021.10.16-03.02.59:539][  0]LogPakFile: PakFile PathHashIndexSize=101
[2021.10.16-03.02.59:539][  0]LogPakFile: PakFile FullDirectoryIndexSize=150
[2021.10.16-03.02.59:539][  0]LogShaderLibrary: Display: ShaderCodeLibraryPakFileMountedCallback: PakFile 'D:/Epic Games/UE_4.27/FeaturePacks/TP_SideScroller.upack' (chunk index -1, root 'root:/') mounted
[2021.10.16-03.02.59:539][  0]LogShaderLibrary: Display: ShaderCodeLibraryPakFileMountedCallback: pending pak file info (ChunkID:-1 Root:root:/ File:D:/Epic Games/UE_4.27/FeaturePacks/TP_SideScroller.upack)
[2021.10.16-03.02.59:539][  0]LogPakFile: OnPakFileMounted2Time == 0.000018
[2021.10.16-03.02.59:540][  0]LogPakFile: PakFile PrimaryIndexSize=190
[2021.10.16-03.02.59:540][  0]LogPakFile: PakFile PathHashIndexSize=101
[2021.10.16-03.02.59:540][  0]LogPakFile: PakFile FullDirectoryIndexSize=154
[2021.10.16-03.02.59:540][  0]LogShaderLibrary: Display: ShaderCodeLibraryPakFileMountedCallback: PakFile 'D:/Epic Games/UE_4.27/FeaturePacks/TP_SideScrollerBP.upack' (chunk index -1, root 'root:/') mounted
[2021.10.16-03.02.59:540][  0]LogShaderLibrary: Display: ShaderCodeLibraryPakFileMountedCallback: pending pak file info (ChunkID:-1 Root:root:/ File:D:/Epic Games/UE_4.27/FeaturePacks/TP_SideScrollerBP.upack)
[2021.10.16-03.02.59:540][  0]LogPakFile: OnPakFileMounted2Time == 0.000024
[2021.10.16-03.02.59:540][  0]LogPakFile: PakFile PrimaryIndexSize=187
[2021.10.16-03.02.59:540][  0]LogPakFile: PakFile PathHashIndexSize=101
[2021.10.16-03.02.59:540][  0]LogPakFile: PakFile FullDirectoryIndexSize=148
[2021.10.16-03.02.59:540][  0]LogShaderLibrary: Display: ShaderCodeLibraryPakFileMountedCallback: PakFile 'D:/Epic Games/UE_4.27/FeaturePacks/TP_ThirdPerson.upack' (chunk index -1, root 'root:/') mounted
[2021.10.16-03.02.59:540][  0]LogShaderLibrary: Display: ShaderCodeLibraryPakFileMountedCallback: pending pak file info (ChunkID:-1 Root:root:/ File:D:/Epic Games/UE_4.27/FeaturePacks/TP_ThirdPerson.upack)
[2021.10.16-03.02.59:540][  0]LogPakFile: OnPakFileMounted2Time == 0.000019
[2021.10.16-03.02.59:540][  0]LogPakFile: PakFile PrimaryIndexSize=189
[2021.10.16-03.02.59:540][  0]LogPakFile: PakFile PathHashIndexSize=101
[2021.10.16-03.02.59:540][  0]LogPakFile: PakFile FullDirectoryIndexSize=152
[2021.10.16-03.02.59:540][  0]LogShaderLibrary: Display: ShaderCodeLibraryPakFileMountedCallback: PakFile 'D:/Epic Games/UE_4.27/FeaturePacks/TP_ThirdPersonBP.upack' (chunk index -1, root 'root:/') mounted
[2021.10.16-03.02.59:540][  0]LogShaderLibrary: Display: ShaderCodeLibraryPakFileMountedCallback: pending pak file info (ChunkID:-1 Root:root:/ File:D:/Epic Games/UE_4.27/FeaturePacks/TP_ThirdPersonBP.upack)
[2021.10.16-03.02.59:540][  0]LogPakFile: OnPakFileMounted2Time == 0.000019
[2021.10.16-03.02.59:540][  0]LogPakFile: PakFile PrimaryIndexSize=183
[2021.10.16-03.02.59:540][  0]LogPakFile: PakFile PathHashIndexSize=101
[2021.10.16-03.02.59:540][  0]LogPakFile: PakFile FullDirectoryIndexSize=140
[2021.10.16-03.02.59:540][  0]LogShaderLibrary: Display: ShaderCodeLibraryPakFileMountedCallback: PakFile 'D:/Epic Games/UE_4.27/FeaturePacks/TP_TopDown.upack' (chunk index -1, root 'root:/') mounted
[2021.10.16-03.02.59:540][  0]LogShaderLibrary: Display: ShaderCodeLibraryPakFileMountedCallback: pending pak file info (ChunkID:-1 Root:root:/ File:D:/Epic Games/UE_4.27/FeaturePacks/TP_TopDown.upack)
[2021.10.16-03.02.59:541][  0]LogPakFile: OnPakFileMounted2Time == 0.000023
[2021.10.16-03.02.59:541][  0]LogPakFile: PakFile PrimaryIndexSize=185
[2021.10.16-03.02.59:541][  0]LogPakFile: PakFile PathHashIndexSize=101
[2021.10.16-03.02.59:541][  0]LogPakFile: PakFile FullDirectoryIndexSize=144
[2021.10.16-03.02.59:541][  0]LogShaderLibrary: Display: ShaderCodeLibraryPakFileMountedCallback: PakFile 'D:/Epic Games/UE_4.27/FeaturePacks/TP_TopDownBP.upack' (chunk index -1, root 'root:/') mounted
[2021.10.16-03.02.59:541][  0]LogShaderLibrary: Display: ShaderCodeLibraryPakFileMountedCallback: pending pak file info (ChunkID:-1 Root:root:/ File:D:/Epic Games/UE_4.27/FeaturePacks/TP_TopDownBP.upack)
[2021.10.16-03.02.59:541][  0]LogPakFile: OnPakFileMounted2Time == 0.000018
[2021.10.16-03.02.59:541][  0]LogPakFile: PakFile PrimaryIndexSize=185
[2021.10.16-03.02.59:541][  0]LogPakFile: PakFile PathHashIndexSize=101
[2021.10.16-03.02.59:541][  0]LogPakFile: PakFile FullDirectoryIndexSize=144
[2021.10.16-03.02.59:541][  0]LogShaderLibrary: Display: ShaderCodeLibraryPakFileMountedCallback: PakFile 'D:/Epic Games/UE_4.27/FeaturePacks/TP_TwinStick.upack' (chunk index -1, root 'root:/') mounted
[2021.10.16-03.02.59:541][  0]LogShaderLibrary: Display: ShaderCodeLibraryPakFileMountedCallback: pending pak file info (ChunkID:-1 Root:root:/ File:D:/Epic Games/UE_4.27/FeaturePacks/TP_TwinStick.upack)
[2021.10.16-03.02.59:541][  0]LogPakFile: OnPakFileMounted2Time == 0.000018
[2021.10.16-03.02.59:541][  0]LogPakFile: PakFile PrimaryIndexSize=187
[2021.10.16-03.02.59:541][  0]LogPakFile: PakFile PathHashIndexSize=101
[2021.10.16-03.02.59:541][  0]LogPakFile: PakFile FullDirectoryIndexSize=148
[2021.10.16-03.02.59:541][  0]LogShaderLibrary: Display: ShaderCodeLibraryPakFileMountedCallback: PakFile 'D:/Epic Games/UE_4.27/FeaturePacks/TP_TwinStickBP.upack' (chunk index -1, root 'root:/') mounted
[2021.10.16-03.02.59:541][  0]LogShaderLibrary: Display: ShaderCodeLibraryPakFileMountedCallback: pending pak file info (ChunkID:-1 Root:root:/ File:D:/Epic Games/UE_4.27/FeaturePacks/TP_TwinStickBP.upack)
[2021.10.16-03.02.59:541][  0]LogPakFile: OnPakFileMounted2Time == 0.000018
[2021.10.16-03.02.59:541][  0]LogPakFile: PakFile PrimaryIndexSize=183
[2021.10.16-03.02.59:541][  0]LogPakFile: PakFile PathHashIndexSize=101
[2021.10.16-03.02.59:541][  0]LogPakFile: PakFile FullDirectoryIndexSize=140
[2021.10.16-03.02.59:541][  0]LogShaderLibrary: Display: ShaderCodeLibraryPakFileMountedCallback: PakFile 'D:/Epic Games/UE_4.27/FeaturePacks/TP_Vehicle.upack' (chunk index -1, root 'root:/') mounted
[2021.10.16-03.02.59:541][  0]LogShaderLibrary: Display: ShaderCodeLibraryPakFileMountedCallback: pending pak file info (ChunkID:-1 Root:root:/ File:D:/Epic Games/UE_4.27/FeaturePacks/TP_Vehicle.upack)
[2021.10.16-03.02.59:541][  0]LogPakFile: OnPakFileMounted2Time == 0.000018
[2021.10.16-03.02.59:542][  0]LogPakFile: PakFile PrimaryIndexSize=186
[2021.10.16-03.02.59:542][  0]LogPakFile: PakFile PathHashIndexSize=101
[2021.10.16-03.02.59:542][  0]LogPakFile: PakFile FullDirectoryIndexSize=146
[2021.10.16-03.02.59:542][  0]LogShaderLibrary: Display: ShaderCodeLibraryPakFileMountedCallback: PakFile 'D:/Epic Games/UE_4.27/FeaturePacks/TP_VehicleAdv.upack' (chunk index -1, root 'root:/') mounted
[2021.10.16-03.02.59:542][  0]LogShaderLibrary: Display: ShaderCodeLibraryPakFileMountedCallback: pending pak file info (ChunkID:-1 Root:root:/ File:D:/Epic Games/UE_4.27/FeaturePacks/TP_VehicleAdv.upack)
[2021.10.16-03.02.59:542][  0]LogPakFile: OnPakFileMounted2Time == 0.000018
[2021.10.16-03.02.59:542][  0]LogPakFile: PakFile PrimaryIndexSize=188
[2021.10.16-03.02.59:542][  0]LogPakFile: PakFile PathHashIndexSize=101
[2021.10.16-03.02.59:542][  0]LogPakFile: PakFile FullDirectoryIndexSize=150
[2021.10.16-03.02.59:542][  0]LogShaderLibrary: Display: ShaderCodeLibraryPakFileMountedCallback: PakFile 'D:/Epic Games/UE_4.27/FeaturePacks/TP_VehicleAdvBP.upack' (chunk index -1, root 'root:/') mounted
[2021.10.16-03.02.59:542][  0]LogShaderLibrary: Display: ShaderCodeLibraryPakFileMountedCallback: pending pak file info (ChunkID:-1 Root:root:/ File:D:/Epic Games/UE_4.27/FeaturePacks/TP_VehicleAdvBP.upack)
[2021.10.16-03.02.59:542][  0]LogPakFile: OnPakFileMounted2Time == 0.000020
[2021.10.16-03.02.59:542][  0]LogPakFile: PakFile PrimaryIndexSize=185
[2021.10.16-03.02.59:542][  0]LogPakFile: PakFile PathHashIndexSize=101
[2021.10.16-03.02.59:542][  0]LogPakFile: PakFile FullDirectoryIndexSize=144
[2021.10.16-03.02.59:542][  0]LogShaderLibrary: Display: ShaderCodeLibraryPakFileMountedCallback: PakFile 'D:/Epic Games/UE_4.27/FeaturePacks/TP_VehicleBP.upack' (chunk index -1, root 'root:/') mounted
[2021.10.16-03.02.59:542][  0]LogShaderLibrary: Display: ShaderCodeLibraryPakFileMountedCallback: pending pak file info (ChunkID:-1 Root:root:/ File:D:/Epic Games/UE_4.27/FeaturePacks/TP_VehicleBP.upack)
[2021.10.16-03.02.59:542][  0]LogPakFile: OnPakFileMounted2Time == 0.000021
[2021.10.16-03.02.59:543][  0]LogPakFile: PakFile PrimaryIndexSize=192
[2021.10.16-03.02.59:543][  0]LogPakFile: PakFile PathHashIndexSize=101
[2021.10.16-03.02.59:543][  0]LogPakFile: PakFile FullDirectoryIndexSize=158
[2021.10.16-03.02.59:543][  0]LogShaderLibrary: Display: ShaderCodeLibraryPakFileMountedCallback: PakFile 'D:/Epic Games/UE_4.27/FeaturePacks/TP_VirtualRealityBP.upack' (chunk index -1, root 'root:/') mounted
[2021.10.16-03.02.59:543][  0]LogShaderLibrary: Display: ShaderCodeLibraryPakFileMountedCallback: pending pak file info (ChunkID:-1 Root:root:/ File:D:/Epic Games/UE_4.27/FeaturePacks/TP_VirtualRealityBP.upack)
[2021.10.16-03.02.59:543][  0]LogPakFile: OnPakFileMounted2Time == 0.000018
[2021.10.16-03.02.59:559][  0]LogNativeClassHierarchy: Verbose: Native class hierarchy updated for 'AddContentDialog' in 0.0002 seconds. Added 0 classes and 0 folders.
[2021.10.16-03.02.59:560][  0]LogNativeClassHierarchy: Verbose: Native class hierarchy updated for 'SceneOutliner' in 0.0001 seconds. Added 2 classes and 0 folders.
[2021.10.16-03.02.59:592][  0]LogSlate: Took 0.000098 seconds to synchronously load lazily loaded font '../../../Engine/Content/Slate/Fonts/Roboto-Regular.ttf' (155K)
[2021.10.16-03.02.59:593][  0]LogSlate: Took 0.000109 seconds to synchronously load lazily loaded font '../../../Engine/Content/Editor/Slate/Fonts/FontAwesome.ttf' (139K)
[2021.10.16-03.02.59:593][  0]LogSlate: Took 0.000055 seconds to synchronously load lazily loaded font '../../../Engine/Content/Slate/Fonts/Roboto-Bold.ttf' (160K)
[2021.10.16-03.02.59:646][  0]LogRenderer: Reallocating scene render targets to support 1288x620 Format 10 NumSamples 1 (Frame:1).
[2021.10.16-03.02.59:692][  0]LogNativeClassHierarchy: Verbose: Native class hierarchy updated for 'HierarchicalLODOutliner' in 0.0002 seconds. Added 0 classes and 0 folders.
[2021.10.16-03.02.59:692][  0]LogLoad: (Engine Initialization) Total time: 4.26 seconds
[2021.10.16-03.02.59:692][  0]LogLoad: (Engine Initialization) Total Blueprint compile time: 0.00 seconds
[2021.10.16-03.02.59:725][  0]LogAssetRegistry: Asset discovery search completed in 2.4265 seconds
[2021.10.16-03.02.59:729][  0]LogCollectionManager: Fixed up redirectors for 0 collections in 0.000002 seconds (updated 0 objects)
[2021.10.16-03.02.59:730][  0]LogContentStreaming: Texture pool size now 1000 MB
[2021.10.16-03.03.06:674][386]LogUObjectHash: Compacting FUObjectHashTables data took   0.33ms
[2021.10.16-03.03.06:678][386]LogSlate: Took 0.000077 seconds to synchronously load lazily loaded font '../../../Engine/Content/Slate/Fonts/Roboto-Light.ttf' (167K)
[2021.10.16-03.03.06:763][386]LogAssetEditorSubsystem: Opening Asset editor for World /Game/NewMap.NewMap
[2021.10.16-03.03.06:763][386]Cmd: MAP LOAD FILE="../../../../LevelDesignProject/Content/NewMap.umap" TEMPLATE=0 SHOWPROGRESS=1 FEATURELEVEL=3
[2021.10.16-03.03.06:763][386]LightingResults: New page: Lighting Build
[2021.10.16-03.03.06:763][386]LoadErrors: New page: Loading map: NewMap.umap
[2021.10.16-03.03.06:764][386]LogWorld: UWorld::CleanupWorld for Minimal_Default, bSessionEnded=true, bCleanupResources=true
[2021.10.16-03.03.06:764][386]LogSlate: InvalidateAllWidgets triggered.  All widgets were invalidated
[2021.10.16-03.03.06:764][386]MapCheck: New page: Map Check
[2021.10.16-03.03.06:764][386]LightingResults: New page: Lighting Build
[2021.10.16-03.03.06:767][386]LogAudio: Display: Audio Device unregistered from world 'None'.
[2021.10.16-03.03.06:769][386]LogUObjectHash: Compacting FUObjectHashTables data took   0.52ms
[2021.10.16-03.03.06:769][386]LogAudio: Display: Audio Device (ID: 1) registered with world 'NewMap'.
[2021.10.16-03.03.06:771][386]LogEditorServer: Finished looking for orphan Actors (0.000 secs)
[2021.10.16-03.03.06:771][386]LogAIModule: Creating AISystem for world NewMap
[2021.10.16-03.03.06:775][386]LogUObjectHash: Compacting FUObjectHashTables data took   0.33ms
[2021.10.16-03.03.06:780][386]Cmd: MAP CHECKDEP NOCLEARLOG
[2021.10.16-03.03.06:780][386]MapCheck: Map check complete: 0 Error(s), 0 Warning(s), took 0.052ms to complete.
[2021.10.16-03.03.06:780][386]LogFileHelpers: Loading map 'NewMap' took 0.017
[2021.10.16-03.03.16:101][435]LogSlate: Took 0.000147 seconds to synchronously load lazily loaded font '../../../Engine/Content/Slate/Fonts/Roboto-Italic.ttf' (157K)
[2021.10.16-03.03.19:087][722]LogWindowsTextInputMethodSystem: Display: IME system activated using TSF (Microsoft Pinyin).
[2021.10.16-03.03.36:621][490]LogEditorViewport: Clicking Background
[2021.10.16-03.03.49:625][ 36]LogEditorViewport: Clicking on Actor (LMB): PointLight (PointLight)
[2021.10.16-03.03.52:978][413]LogSlate: Window 'Color Picker' being destroyed
[2021.10.16-03.04.06:595][994]LogSlate: Window 'Color Picker' being destroyed
[2021.10.16-03.04.09:953][375]LogEditorViewport: Clicking on Actor (LMB): StaticMeshActor (SM_Lamp_Wall2)
[2021.10.16-03.04.14:012][852]LogEditorViewport: Clicking on Actor (LMB): StaticMeshActor (Wall_400x401)
[2021.10.16-03.04.37:788][527]LogEditorViewport: Clicking on Actor (LMB): StaticMeshActor (Wall_400x400)
[2021.10.16-03.06.31:862][328]Cmd: OBJ SAVEPACKAGE PACKAGE="/Game/NewMap" FILE="../../../../LevelDesignProject/Content/NewMap.umap" SILENT=true AUTOSAVING=false KEEPDIRTY=false
[2021.10.16-03.06.31:866][328]LogUObjectHash: Compacting FUObjectHashTables data took   0.52ms
[2021.10.16-03.06.31:875][328]LogSavePackage: Moving '../../../../LevelDesignProject/Saved/NewMap9143D16F40A1DF14FB4472ABC1B0EB05.tmp' to '../../../../LevelDesignProject/Content/NewMap.umap'
[2021.10.16-03.06.31:883][328]Cmd: OBJ SAVEPACKAGE PACKAGE="/Game/NewMap_BuiltData" FILE="../../../../LevelDesignProject/Content/NewMap_BuiltData.uasset" SILENT=true
[2021.10.16-03.06.31:941][328]LogSavePackage: Moving '../../../../LevelDesignProject/Saved/NewMap_BuiltData019F77014EAEE07E71FED79DBD4BBD0F.tmp' to '../../../../LevelDesignProject/Content/NewMap_BuiltData.uasset'
[2021.10.16-03.06.31:948][328]AssetCheck: New page: Asset Save: multiple assets
[2021.10.16-03.06.31:948][328]LogContentValidation: Display: Validating MapBuildDataRegistry /Game/NewMap_BuiltData.NewMap_BuiltData
[2021.10.16-03.06.31:948][328]LogContentValidation: Display: Validating World /Game/NewMap.NewMap
